config file path : config.ini
[2023-10-11 23:21:50] Initializing...
FISCO-BCOS Version : 2.9.1
Build Time         : 20220922 08:57:35
Build Type         : Linux/g++/Release
Git Branch         : HEAD
Git Commit Hash    : 83a87ad749475c0edcc6d5ce2dabd328a36d3bae
[2023-10-11 23:21:50] The FISCO-BCOS is running...
[2023-10-12 01:49:36] FISCO-BCOS program exit normally.
config file path : config.ini
[2023-10-12 07:48:00] Initializing...
FISCO-BCOS Version : 2.9.1
Build Time         : 20220922 08:57:35
Build Type         : Linux/g++/Release
Git Branch         : HEAD
Git Commit Hash    : 83a87ad749475c0edcc6d5ce2dabd328a36d3bae
[2023-10-12 07:48:00] The FISCO-BCOS is running...
[2023-10-12 07:49:18] FISCO-BCOS program exit normally.
config file path : config.ini
[2023-10-18 06:24:13] Initializing...
FISCO-BCOS Version : 2.9.1
Build Time         : 20220922 08:57:35
Build Type         : Linux/g++/Release
Git Branch         : HEAD
Git Commit Hash    : 83a87ad749475c0edcc6d5ce2dabd328a36d3bae
[2023-10-18 06:24:13] The FISCO-BCOS is running...
[2023-10-18 07:42:02] FISCO-BCOS program exit normally.
config file path : config.ini
[2023-10-18 22:35:43] Initializing...
FISCO-BCOS Version : 2.9.1
Build Time         : 20220922 08:57:35
Build Type         : Linux/g++/Release
Git Branch         : HEAD
Git Commit Hash    : 83a87ad749475c0edcc6d5ce2dabd328a36d3bae
[2023-10-18 22:35:43] The FISCO-BCOS is running...
[2023-10-19 00:15:11] FISCO-BCOS program exit normally.
config file path : config.ini
[2023-10-19 04:15:39] Initializing...
FISCO-BCOS Version : 2.9.1
Build Time         : 20220922 08:57:35
Build Type         : Linux/g++/Release
Git Branch         : HEAD
Git Commit Hash    : 83a87ad749475c0edcc6d5ce2dabd328a36d3bae
[2023-10-19 04:15:39] The FISCO-BCOS is running...
[2023-10-19 05:46:07] FISCO-BCOS program exit normally.
config file path : config.ini
[2023-10-19 06:46:48] Initializing...
FISCO-BCOS Version : 2.9.1
Build Time         : 20220922 08:57:35
Build Type         : Linux/g++/Release
Git Branch         : HEAD
Git Commit Hash    : 83a87ad749475c0edcc6d5ce2dabd328a36d3bae
[2023-10-19 06:46:48] The FISCO-BCOS is running...
[2023-10-19 06:48:12] FISCO-BCOS program exit normally.
config file path : config.ini
[2023-10-19 23:07:06] Initializing...
FISCO-BCOS Version : 2.9.1
Build Time         : 20220922 08:57:35
Build Type         : Linux/g++/Release
Git Branch         : HEAD
Git Commit Hash    : 83a87ad749475c0edcc6d5ce2dabd328a36d3bae
[2023-10-19 23:07:06] The FISCO-BCOS is running...
[2023-10-20 02:31:03] FISCO-BCOS program exit normally.
config file path : config.ini
[2023-10-22 08:45:50] Initializing...
FISCO-BCOS Version : 2.9.1
Build Time         : 20220922 08:57:35
Build Type         : Linux/g++/Release
Git Branch         : HEAD
Git Commit Hash    : 83a87ad749475c0edcc6d5ce2dabd328a36d3bae
[2023-10-22 08:45:50] The FISCO-BCOS is running...
[2023-10-22 09:32:29] FISCO-BCOS program exit normally.
config file path : config.ini
[2023-10-24 18:27:42] Initializing...
FISCO-BCOS Version : 2.9.1
Build Time         : 20220922 08:57:35
Build Type         : Linux/g++/Release
Git Branch         : HEAD
Git Commit Hash    : 83a87ad749475c0edcc6d5ce2dabd328a36d3bae
[2023-10-24 18:27:42] The FISCO-BCOS is running...
[2023-10-24 19:19:13] FISCO-BCOS program exit normally.
config file path : config.ini
[2023-10-24 19:50:26] Initializing...
FISCO-BCOS Version : 2.9.1
Build Time         : 20220922 08:57:35
Build Type         : Linux/g++/Release
Git Branch         : HEAD
Git Commit Hash    : 83a87ad749475c0edcc6d5ce2dabd328a36d3bae
[2023-10-24 19:50:26] The FISCO-BCOS is running...
[2023-10-24 20:10:42] FISCO-BCOS program exit normally.
config file path : config.ini
[2023-10-25 02:08:10] Initializing...
FISCO-BCOS Version : 2.9.1
Build Time         : 20220922 08:57:35
Build Type         : Linux/g++/Release
Git Branch         : HEAD
Git Commit Hash    : 83a87ad749475c0edcc6d5ce2dabd328a36d3bae
[2023-10-25 02:08:10] The FISCO-BCOS is running...
[2023-10-25 03:53:32] FISCO-BCOS program exit normally.
config file path : config.ini
[2023-10-26 17:46:32] Initializing...
FISCO-BCOS Version : 2.9.1
Build Time         : 20220922 08:57:35
Build Type         : Linux/g++/Release
Git Branch         : HEAD
Git Commit Hash    : 83a87ad749475c0edcc6d5ce2dabd328a36d3bae
[2023-10-26 17:46:32] The FISCO-BCOS is running...
[2023-10-26 18:09:09] FISCO-BCOS program exit normally.
config file path : config.ini
[2023-10-27 00:00:36] Initializing...
FISCO-BCOS Version : 2.9.1
Build Time         : 20220922 08:57:35
Build Type         : Linux/g++/Release
Git Branch         : HEAD
Git Commit Hash    : 83a87ad749475c0edcc6d5ce2dabd328a36d3bae
[2023-10-27 00:00:37] The FISCO-BCOS is running...
[2023-10-27 00:43:06] FISCO-BCOS program exit normally.
