
  .   ____          _            __ _ _
 /\\ / ___'_ __ _ _(_)_ __  __ _ \ \ \ \
( ( )\___ | '_ | '_| | '_ \/ _` | \ \ \ \
 \\/  ___)| |_)| | | | | || (_| |  ) ) ) )
  '  |____| .__|_| |_|_| |_\__, | / / / /
 =========|_|==============|___/=/_/_/_/
 :: Spring Boot ::               (v2.7.10)

Oct 11, 2023 11:22:51 PM org.apache.coyote.AbstractProtocol init
INFO: Initializing ProtocolHandler ["http-nio-5002"]
Oct 11, 2023 11:22:51 PM org.apache.catalina.core.StandardService startInternal
INFO: Starting service [Tomcat]
Oct 11, 2023 11:22:51 PM org.apache.catalina.core.StandardEngine startInternal
INFO: Starting Servlet engine: [Apache Tomcat/9.0.73]
Oct 11, 2023 11:22:51 PM org.apache.catalina.core.ApplicationContext log
INFO: Initializing Spring embedded WebApplicationContext
Oct 11, 2023 11:22:57 PM org.apache.coyote.AbstractProtocol start
INFO: Starting ProtocolHandler ["http-nio-5002"]
Oct 11, 2023 11:23:40 PM org.apache.catalina.core.ApplicationContext log
INFO: Initializing Spring DispatcherServlet 'dispatcherServlet'

  .   ____          _            __ _ _
 /\\ / ___'_ __ _ _(_)_ __  __ _ \ \ \ \
( ( )\___ | '_ | '_| | '_ \/ _` | \ \ \ \
 \\/  ___)| |_)| | | | | || (_| |  ) ) ) )
  '  |____| .__|_| |_|_| |_\__, | / / / /
 =========|_|==============|___/=/_/_/_/
 :: Spring Boot ::               (v2.7.10)

Oct 12, 2023 7:48:13 AM org.apache.coyote.AbstractProtocol init
INFO: Initializing ProtocolHandler ["http-nio-5002"]
Oct 12, 2023 7:48:13 AM org.apache.catalina.core.StandardService startInternal
INFO: Starting service [Tomcat]
Oct 12, 2023 7:48:13 AM org.apache.catalina.core.StandardEngine startInternal
INFO: Starting Servlet engine: [Apache Tomcat/9.0.73]
Oct 12, 2023 7:48:13 AM org.apache.catalina.core.ApplicationContext log
INFO: Initializing Spring embedded WebApplicationContext
Oct 12, 2023 7:48:25 AM org.apache.coyote.AbstractProtocol start
INFO: Starting ProtocolHandler ["http-nio-5002"]
Oct 12, 2023 7:48:29 AM org.apache.catalina.core.ApplicationContext log
INFO: Initializing Spring DispatcherServlet 'dispatcherServlet'

  .   ____          _            __ _ _
 /\\ / ___'_ __ _ _(_)_ __  __ _ \ \ \ \
( ( )\___ | '_ | '_| | '_ \/ _` | \ \ \ \
 \\/  ___)| |_)| | | | | || (_| |  ) ) ) )
  '  |____| .__|_| |_|_| |_\__, | / / / /
 =========|_|==============|___/=/_/_/_/
 :: Spring Boot ::               (v2.7.10)

Oct 18, 2023 6:24:31 AM org.apache.coyote.AbstractProtocol init
INFO: Initializing ProtocolHandler ["http-nio-5002"]
Oct 18, 2023 6:24:31 AM org.apache.catalina.core.StandardService startInternal
INFO: Starting service [Tomcat]
Oct 18, 2023 6:24:31 AM org.apache.catalina.core.StandardEngine startInternal
INFO: Starting Servlet engine: [Apache Tomcat/9.0.73]
Oct 18, 2023 6:24:32 AM org.apache.catalina.core.ApplicationContext log
INFO: Initializing Spring embedded WebApplicationContext
Oct 18, 2023 6:24:43 AM org.apache.coyote.AbstractProtocol start
INFO: Starting ProtocolHandler ["http-nio-5002"]
Oct 18, 2023 6:24:45 AM org.apache.catalina.core.ApplicationContext log
INFO: Initializing Spring DispatcherServlet 'dispatcherServlet'

  .   ____          _            __ _ _
 /\\ / ___'_ __ _ _(_)_ __  __ _ \ \ \ \
( ( )\___ | '_ | '_| | '_ \/ _` | \ \ \ \
 \\/  ___)| |_)| | | | | || (_| |  ) ) ) )
  '  |____| .__|_| |_|_| |_\__, | / / / /
 =========|_|==============|___/=/_/_/_/
 :: Spring Boot ::               (v2.7.10)

Oct 18, 2023 10:35:58 PM org.apache.coyote.AbstractProtocol init
INFO: Initializing ProtocolHandler ["http-nio-5002"]
Oct 18, 2023 10:35:58 PM org.apache.catalina.core.StandardService startInternal
INFO: Starting service [Tomcat]
Oct 18, 2023 10:35:58 PM org.apache.catalina.core.StandardEngine startInternal
INFO: Starting Servlet engine: [Apache Tomcat/9.0.73]
Oct 18, 2023 10:35:59 PM org.apache.catalina.core.ApplicationContext log
INFO: Initializing Spring embedded WebApplicationContext
Oct 18, 2023 10:36:10 PM org.apache.coyote.AbstractProtocol start
INFO: Starting ProtocolHandler ["http-nio-5002"]
Oct 18, 2023 10:36:12 PM org.apache.catalina.core.ApplicationContext log
INFO: Initializing Spring DispatcherServlet 'dispatcherServlet'

  .   ____          _            __ _ _
 /\\ / ___'_ __ _ _(_)_ __  __ _ \ \ \ \
( ( )\___ | '_ | '_| | '_ \/ _` | \ \ \ \
 \\/  ___)| |_)| | | | | || (_| |  ) ) ) )
  '  |____| .__|_| |_|_| |_\__, | / / / /
 =========|_|==============|___/=/_/_/_/
 :: Spring Boot ::               (v2.7.10)

Oct 19, 2023 4:15:54 AM org.apache.coyote.AbstractProtocol init
INFO: Initializing ProtocolHandler ["http-nio-5002"]
Oct 19, 2023 4:15:54 AM org.apache.catalina.core.StandardService startInternal
INFO: Starting service [Tomcat]
Oct 19, 2023 4:15:54 AM org.apache.catalina.core.StandardEngine startInternal
INFO: Starting Servlet engine: [Apache Tomcat/9.0.73]
Oct 19, 2023 4:15:54 AM org.apache.catalina.core.ApplicationContext log
INFO: Initializing Spring embedded WebApplicationContext
Oct 19, 2023 4:16:05 AM org.apache.coyote.AbstractProtocol start
INFO: Starting ProtocolHandler ["http-nio-5002"]
Oct 19, 2023 4:16:08 AM org.apache.catalina.core.ApplicationContext log
INFO: Initializing Spring DispatcherServlet 'dispatcherServlet'

  .   ____          _            __ _ _
 /\\ / ___'_ __ _ _(_)_ __  __ _ \ \ \ \
( ( )\___ | '_ | '_| | '_ \/ _` | \ \ \ \
 \\/  ___)| |_)| | | | | || (_| |  ) ) ) )
  '  |____| .__|_| |_|_| |_\__, | / / / /
 =========|_|==============|___/=/_/_/_/
 :: Spring Boot ::               (v2.7.10)

Oct 19, 2023 6:47:03 AM org.apache.coyote.AbstractProtocol init
INFO: Initializing ProtocolHandler ["http-nio-5002"]
Oct 19, 2023 6:47:03 AM org.apache.catalina.core.StandardService startInternal
INFO: Starting service [Tomcat]
Oct 19, 2023 6:47:03 AM org.apache.catalina.core.StandardEngine startInternal
INFO: Starting Servlet engine: [Apache Tomcat/9.0.73]
Oct 19, 2023 6:47:03 AM org.apache.catalina.core.ApplicationContext log
INFO: Initializing Spring embedded WebApplicationContext
Oct 19, 2023 6:47:13 AM org.apache.coyote.AbstractProtocol start
INFO: Starting ProtocolHandler ["http-nio-5002"]
Oct 19, 2023 6:47:16 AM org.apache.catalina.core.ApplicationContext log
INFO: Initializing Spring DispatcherServlet 'dispatcherServlet'

  .   ____          _            __ _ _
 /\\ / ___'_ __ _ _(_)_ __  __ _ \ \ \ \
( ( )\___ | '_ | '_| | '_ \/ _` | \ \ \ \
 \\/  ___)| |_)| | | | | || (_| |  ) ) ) )
  '  |____| .__|_| |_|_| |_\__, | / / / /
 =========|_|==============|___/=/_/_/_/
 :: Spring Boot ::               (v2.7.10)

Oct 19, 2023 11:07:20 PM org.apache.coyote.AbstractProtocol init
INFO: Initializing ProtocolHandler ["http-nio-5002"]
Oct 19, 2023 11:07:20 PM org.apache.catalina.core.StandardService startInternal
INFO: Starting service [Tomcat]
Oct 19, 2023 11:07:20 PM org.apache.catalina.core.StandardEngine startInternal
INFO: Starting Servlet engine: [Apache Tomcat/9.0.73]
Oct 19, 2023 11:07:21 PM org.apache.catalina.core.ApplicationContext log
INFO: Initializing Spring embedded WebApplicationContext
Oct 19, 2023 11:07:30 PM org.apache.coyote.AbstractProtocol start
INFO: Starting ProtocolHandler ["http-nio-5002"]
Oct 19, 2023 11:07:32 PM org.apache.catalina.core.ApplicationContext log
INFO: Initializing Spring DispatcherServlet 'dispatcherServlet'

  .   ____          _            __ _ _
 /\\ / ___'_ __ _ _(_)_ __  __ _ \ \ \ \
( ( )\___ | '_ | '_| | '_ \/ _` | \ \ \ \
 \\/  ___)| |_)| | | | | || (_| |  ) ) ) )
  '  |____| .__|_| |_|_| |_\__, | / / / /
 =========|_|==============|___/=/_/_/_/
 :: Spring Boot ::               (v2.7.10)

Oct 22, 2023 8:46:01 AM org.apache.coyote.AbstractProtocol init
INFO: Initializing ProtocolHandler ["http-nio-5002"]
Oct 22, 2023 8:46:01 AM org.apache.catalina.core.StandardService startInternal
INFO: Starting service [Tomcat]
Oct 22, 2023 8:46:01 AM org.apache.catalina.core.StandardEngine startInternal
INFO: Starting Servlet engine: [Apache Tomcat/9.0.73]
Oct 22, 2023 8:46:01 AM org.apache.catalina.core.ApplicationContext log
INFO: Initializing Spring embedded WebApplicationContext
Oct 22, 2023 8:46:07 AM org.apache.coyote.AbstractProtocol start
INFO: Starting ProtocolHandler ["http-nio-5002"]
Oct 22, 2023 8:46:11 AM org.apache.catalina.core.ApplicationContext log
INFO: Initializing Spring DispatcherServlet 'dispatcherServlet'

  .   ____          _            __ _ _
 /\\ / ___'_ __ _ _(_)_ __  __ _ \ \ \ \
( ( )\___ | '_ | '_| | '_ \/ _` | \ \ \ \
 \\/  ___)| |_)| | | | | || (_| |  ) ) ) )
  '  |____| .__|_| |_|_| |_\__, | / / / /
 =========|_|==============|___/=/_/_/_/
 :: Spring Boot ::               (v2.7.10)

Oct 24, 2023 6:27:56 PM org.apache.coyote.AbstractProtocol init
INFO: Initializing ProtocolHandler ["http-nio-5002"]
Oct 24, 2023 6:27:56 PM org.apache.catalina.core.StandardService startInternal
INFO: Starting service [Tomcat]
Oct 24, 2023 6:27:56 PM org.apache.catalina.core.StandardEngine startInternal
INFO: Starting Servlet engine: [Apache Tomcat/9.0.73]
Oct 24, 2023 6:27:56 PM org.apache.catalina.core.ApplicationContext log
INFO: Initializing Spring embedded WebApplicationContext
Oct 24, 2023 6:28:05 PM org.apache.coyote.AbstractProtocol start
INFO: Starting ProtocolHandler ["http-nio-5002"]
Oct 24, 2023 6:28:08 PM org.apache.catalina.core.ApplicationContext log
INFO: Initializing Spring DispatcherServlet 'dispatcherServlet'

  .   ____          _            __ _ _
 /\\ / ___'_ __ _ _(_)_ __  __ _ \ \ \ \
( ( )\___ | '_ | '_| | '_ \/ _` | \ \ \ \
 \\/  ___)| |_)| | | | | || (_| |  ) ) ) )
  '  |____| .__|_| |_|_| |_\__, | / / / /
 =========|_|==============|___/=/_/_/_/
 :: Spring Boot ::               (v2.7.10)

Oct 24, 2023 7:50:45 PM org.apache.coyote.AbstractProtocol init
INFO: Initializing ProtocolHandler ["http-nio-5002"]
Oct 24, 2023 7:50:45 PM org.apache.catalina.core.StandardService startInternal
INFO: Starting service [Tomcat]
Oct 24, 2023 7:50:45 PM org.apache.catalina.core.StandardEngine startInternal
INFO: Starting Servlet engine: [Apache Tomcat/9.0.73]
Oct 24, 2023 7:50:46 PM org.apache.catalina.core.ApplicationContext log
INFO: Initializing Spring embedded WebApplicationContext
Oct 24, 2023 7:51:02 PM org.apache.coyote.AbstractProtocol start
INFO: Starting ProtocolHandler ["http-nio-5002"]
Oct 24, 2023 7:51:05 PM org.apache.catalina.core.ApplicationContext log
INFO: Initializing Spring DispatcherServlet 'dispatcherServlet'

  .   ____          _            __ _ _
 /\\ / ___'_ __ _ _(_)_ __  __ _ \ \ \ \
( ( )\___ | '_ | '_| | '_ \/ _` | \ \ \ \
 \\/  ___)| |_)| | | | | || (_| |  ) ) ) )
  '  |____| .__|_| |_|_| |_\__, | / / / /
 =========|_|==============|___/=/_/_/_/
 :: Spring Boot ::               (v2.7.10)

Oct 25, 2023 2:08:24 AM org.apache.coyote.AbstractProtocol init
INFO: Initializing ProtocolHandler ["http-nio-5002"]
Oct 25, 2023 2:08:24 AM org.apache.catalina.core.StandardService startInternal
INFO: Starting service [Tomcat]
Oct 25, 2023 2:08:24 AM org.apache.catalina.core.StandardEngine startInternal
INFO: Starting Servlet engine: [Apache Tomcat/9.0.73]
Oct 25, 2023 2:08:24 AM org.apache.catalina.core.ApplicationContext log
INFO: Initializing Spring embedded WebApplicationContext
Oct 25, 2023 2:08:34 AM org.apache.coyote.AbstractProtocol start
INFO: Starting ProtocolHandler ["http-nio-5002"]
Oct 25, 2023 2:08:38 AM org.apache.catalina.core.ApplicationContext log
INFO: Initializing Spring DispatcherServlet 'dispatcherServlet'

  .   ____          _            __ _ _
 /\\ / ___'_ __ _ _(_)_ __  __ _ \ \ \ \
( ( )\___ | '_ | '_| | '_ \/ _` | \ \ \ \
 \\/  ___)| |_)| | | | | || (_| |  ) ) ) )
  '  |____| .__|_| |_|_| |_\__, | / / / /
 =========|_|==============|___/=/_/_/_/
 :: Spring Boot ::               (v2.7.10)

Oct 26, 2023 5:46:43 PM org.apache.coyote.AbstractProtocol init
INFO: Initializing ProtocolHandler ["http-nio-5002"]
Oct 26, 2023 5:46:43 PM org.apache.catalina.core.StandardService startInternal
INFO: Starting service [Tomcat]
Oct 26, 2023 5:46:43 PM org.apache.catalina.core.StandardEngine startInternal
INFO: Starting Servlet engine: [Apache Tomcat/9.0.73]
Oct 26, 2023 5:46:43 PM org.apache.catalina.core.ApplicationContext log
INFO: Initializing Spring embedded WebApplicationContext
Oct 26, 2023 5:46:49 PM org.apache.coyote.AbstractProtocol start
INFO: Starting ProtocolHandler ["http-nio-5002"]
Oct 26, 2023 5:46:53 PM org.apache.catalina.core.ApplicationContext log
INFO: Initializing Spring DispatcherServlet 'dispatcherServlet'

  .   ____          _            __ _ _
 /\\ / ___'_ __ _ _(_)_ __  __ _ \ \ \ \
( ( )\___ | '_ | '_| | '_ \/ _` | \ \ \ \
 \\/  ___)| |_)| | | | | || (_| |  ) ) ) )
  '  |____| .__|_| |_|_| |_\__, | / / / /
 =========|_|==============|___/=/_/_/_/
 :: Spring Boot ::               (v2.7.10)

Oct 27, 2023 12:00:55 AM org.apache.coyote.AbstractProtocol init
INFO: Initializing ProtocolHandler ["http-nio-5002"]
Oct 27, 2023 12:00:55 AM org.apache.catalina.core.StandardService startInternal
INFO: Starting service [Tomcat]
Oct 27, 2023 12:00:55 AM org.apache.catalina.core.StandardEngine startInternal
INFO: Starting Servlet engine: [Apache Tomcat/9.0.73]
Oct 27, 2023 12:00:55 AM org.apache.catalina.core.ApplicationContext log
INFO: Initializing Spring embedded WebApplicationContext
Oct 27, 2023 12:01:06 AM org.apache.coyote.AbstractProtocol start
INFO: Starting ProtocolHandler ["http-nio-5002"]
Oct 27, 2023 12:01:07 AM org.apache.catalina.core.ApplicationContext log
INFO: Initializing Spring DispatcherServlet 'dispatcherServlet'
