config file path : config.ini
[2023-10-19 06:35:12] Initializing...
FISCO-BCOS Version : 2.9.1
Build Time         : 20220922 08:57:35
Build Type         : Linux/g++/Release
Git Branch         : HEAD
Git Commit Hash    : 83a87ad749475c0edcc6d5ce2dabd328a36d3bae
[2023-10-19 06:35:12] The FISCO-BCOS is running...
[2023-10-19 06:48:11] FISCO-BCOS program exit normally.
config file path : config.ini
[2023-10-19 23:07:06] Initializing...
FISCO-BCOS Version : 2.9.1
Build Time         : 20220922 08:57:35
Build Type         : Linux/g++/Release
Git Branch         : HEAD
Git Commit Hash    : 83a87ad749475c0edcc6d5ce2dabd328a36d3bae
[2023-10-19 23:07:06] The FISCO-BCOS is running...
[2023-10-20 02:31:01] FISCO-BCOS program exit normally.
config file path : config.ini
[2023-10-22 08:45:50] Initializing...
FISCO-BCOS Version : 2.9.1
Build Time         : 20220922 08:57:35
Build Type         : Linux/g++/Release
Git Branch         : HEAD
Git Commit Hash    : 83a87ad749475c0edcc6d5ce2dabd328a36d3bae
[2023-10-22 08:45:50] The FISCO-BCOS is running...
[2023-10-22 09:32:28] FISCO-BCOS program exit normally.
config file path : config.ini
[2023-10-24 18:27:42] Initializing...
FISCO-BCOS Version : 2.9.1
Build Time         : 20220922 08:57:35
Build Type         : Linux/g++/Release
Git Branch         : HEAD
Git Commit Hash    : 83a87ad749475c0edcc6d5ce2dabd328a36d3bae
[2023-10-24 18:27:42] The FISCO-BCOS is running...
[2023-10-24 19:19:11] FISCO-BCOS program exit normally.
config file path : config.ini
[2023-10-24 19:50:26] Initializing...
FISCO-BCOS Version : 2.9.1
Build Time         : 20220922 08:57:35
Build Type         : Linux/g++/Release
Git Branch         : HEAD
Git Commit Hash    : 83a87ad749475c0edcc6d5ce2dabd328a36d3bae
[2023-10-24 19:50:26] The FISCO-BCOS is running...
[2023-10-24 20:10:41] FISCO-BCOS program exit normally.
config file path : config.ini
[2023-10-25 02:08:10] Initializing...
FISCO-BCOS Version : 2.9.1
Build Time         : 20220922 08:57:35
Build Type         : Linux/g++/Release
Git Branch         : HEAD
Git Commit Hash    : 83a87ad749475c0edcc6d5ce2dabd328a36d3bae
[2023-10-25 02:08:10] The FISCO-BCOS is running...
[2023-10-25 03:53:30] FISCO-BCOS program exit normally.
config file path : config.ini
[2023-10-26 17:46:32] Initializing...
FISCO-BCOS Version : 2.9.1
Build Time         : 20220922 08:57:35
Build Type         : Linux/g++/Release
Git Branch         : HEAD
Git Commit Hash    : 83a87ad749475c0edcc6d5ce2dabd328a36d3bae
[2023-10-26 17:46:32] The FISCO-BCOS is running...
[2023-10-26 18:09:08] FISCO-BCOS program exit normally.
config file path : config.ini
[2023-10-27 00:00:36] Initializing...
FISCO-BCOS Version : 2.9.1
Build Time         : 20220922 08:57:35
Build Type         : Linux/g++/Release
Git Branch         : HEAD
Git Commit Hash    : 83a87ad749475c0edcc6d5ce2dabd328a36d3bae
[2023-10-27 00:00:36] The FISCO-BCOS is running...
[2023-10-27 00:43:04] FISCO-BCOS program exit normally.
