info|2023-10-22 09:00:00.762676|[P2P][Service] heartBeat,connected count=2
info|2023-10-22 09:00:10.763248|[P2P][Service] heartBeat,connected count=2
info|2023-10-22 09:00:20.763667|[P2P][Service] heartBeat,connected count=2
info|2023-10-22 09:00:30.764135|[P2P][Service] heartBeat,connected count=2
info|2023-10-22 09:00:40.764458|[P2P][Service] heartBeat,connected count=2
info|2023-10-22 09:00:50.764943|[P2P][Service] heartBeat,connected count=2
info|2023-10-22 09:01:00.765156|[P2P][Service] heartBeat,connected count=2
info|2023-10-22 09:01:10.765490|[P2P][Service] heartBeat,connected count=2
info|2023-10-22 09:01:20.765685|[P2P][Service] heartBeat,connected count=2
info|2023-10-22 09:01:30.766109|[P2P][Service] heartBeat,connected count=2
info|2023-10-22 09:01:40.766667|[P2P][Service] heartBeat,connected count=2
info|2023-10-22 09:01:50.766885|[P2P][Service] heartBeat,connected count=2
info|2023-10-22 09:02:00.767028|[P2P][Service] heartBeat,connected count=2
info|2023-10-22 09:02:10.767279|[P2P][Service] heartBeat,connected count=2
info|2023-10-22 09:02:20.767515|[P2P][Service] heartBeat,connected count=2
info|2023-10-22 09:02:30.767757|[P2P][Service] heartBeat,connected count=2
info|2023-10-22 09:02:40.767955|[P2P][Service] heartBeat,connected count=2
info|2023-10-22 09:02:50.768622|[P2P][Service] heartBeat,connected count=2
info|2023-10-22 09:03:00.769131|[P2P][Service] heartBeat,connected count=2
info|2023-10-22 09:03:10.769466|[P2P][Service] heartBeat,connected count=2
info|2023-10-22 09:03:20.769624|[P2P][Service] heartBeat,connected count=2
info|2023-10-22 09:03:30.770036|[P2P][Service] heartBeat,connected count=2
info|2023-10-22 09:03:40.770562|[P2P][Service] heartBeat,connected count=2
info|2023-10-22 09:03:50.771059|[P2P][Service] heartBeat,connected count=2
info|2023-10-22 09:04:00.771502|[P2P][Service] heartBeat,connected count=2
info|2023-10-22 09:04:10.771757|[P2P][Service] heartBeat,connected count=2
info|2023-10-22 09:04:20.772424|[P2P][Service] heartBeat,connected count=2
info|2023-10-22 09:04:30.772851|[P2P][Service] heartBeat,connected count=2
info|2023-10-22 09:04:40.773054|[P2P][Service] heartBeat,connected count=2
info|2023-10-22 09:04:50.773487|[P2P][Service] heartBeat,connected count=2
info|2023-10-22 09:05:00.773739|[P2P][Service] heartBeat,connected count=2
info|2023-10-22 09:05:10.774238|[P2P][Service] heartBeat,connected count=2
info|2023-10-22 09:05:20.774554|[P2P][Service] heartBeat,connected count=2
info|2023-10-22 09:05:30.775220|[P2P][Service] heartBeat,connected count=2
info|2023-10-22 09:05:40.775398|[P2P][Service] heartBeat,connected count=2
info|2023-10-22 09:05:50.775642|[P2P][Service] heartBeat,connected count=2
info|2023-10-22 09:06:00.776196|[P2P][Service] heartBeat,connected count=2
info|2023-10-22 09:06:10.776595|[P2P][Service] heartBeat,connected count=2
info|2023-10-22 09:06:20.777195|[P2P][Service] heartBeat,connected count=2
info|2023-10-22 09:06:30.777596|[P2P][Service] heartBeat,connected count=2
info|2023-10-22 09:06:40.778161|[P2P][Service] heartBeat,connected count=2
info|2023-10-22 09:06:50.778465|[P2P][Service] heartBeat,connected count=2
info|2023-10-22 09:07:00.778759|[P2P][Service] heartBeat,connected count=2
info|2023-10-22 09:07:10.778877|[P2P][Service] heartBeat,connected count=2
info|2023-10-22 09:07:20.779466|[P2P][Service] heartBeat,connected count=2
info|2023-10-22 09:07:30.779750|[P2P][Service] heartBeat,connected count=2
info|2023-10-22 09:07:40.780110|[P2P][Service] heartBeat,connected count=2
info|2023-10-22 09:07:50.780596|[P2P][Service] heartBeat,connected count=2
info|2023-10-22 09:08:00.781064|[P2P][Service] heartBeat,connected count=2
info|2023-10-22 09:08:10.781624|[P2P][Service] heartBeat,connected count=2
info|2023-10-22 09:08:20.782046|[P2P][Service] heartBeat,connected count=2
info|2023-10-22 09:08:30.782310|[P2P][Service] heartBeat,connected count=2
info|2023-10-22 09:08:40.782607|[P2P][Service] heartBeat,connected count=2
info|2023-10-22 09:08:50.782755|[P2P][Service] heartBeat,connected count=2
info|2023-10-22 09:09:00.783153|[P2P][Service] heartBeat,connected count=2
info|2023-10-22 09:09:10.783722|[P2P][Service] heartBeat,connected count=2
info|2023-10-22 09:09:20.784269|[P2P][Service] heartBeat,connected count=2
info|2023-10-22 09:09:30.784575|[P2P][Service] heartBeat,connected count=2
info|2023-10-22 09:09:40.784714|[P2P][Service] heartBeat,connected count=2
info|2023-10-22 09:09:50.785091|[P2P][Service] heartBeat,connected count=2
info|2023-10-22 09:10:00.785378|[P2P][Service] heartBeat,connected count=2
info|2023-10-22 09:10:10.785745|[P2P][Service] heartBeat,connected count=2
info|2023-10-22 09:10:20.786068|[P2P][Service] heartBeat,connected count=2
info|2023-10-22 09:10:30.786552|[P2P][Service] heartBeat,connected count=2
info|2023-10-22 09:10:40.786785|[P2P][Service] heartBeat,connected count=2
info|2023-10-22 09:10:50.787068|[P2P][Service] heartBeat,connected count=2
info|2023-10-22 09:11:00.787293|[P2P][Service] heartBeat,connected count=2
info|2023-10-22 09:11:10.787643|[P2P][Service] heartBeat,connected count=2
info|2023-10-22 09:11:20.787840|[P2P][Service] heartBeat,connected count=2
info|2023-10-22 09:11:30.788281|[P2P][Service] heartBeat,connected count=2
info|2023-10-22 09:11:40.788477|[P2P][Service] heartBeat,connected count=2
info|2023-10-22 09:11:50.788574|[P2P][Service] heartBeat,connected count=2
info|2023-10-22 09:12:00.788837|[P2P][Service] heartBeat,connected count=2
info|2023-10-22 09:12:10.789008|[P2P][Service] heartBeat,connected count=2
info|2023-10-22 09:12:20.789517|[P2P][Service] heartBeat,connected count=2
info|2023-10-22 09:12:30.789765|[P2P][Service] heartBeat,connected count=2
info|2023-10-22 09:12:40.790278|[P2P][Service] heartBeat,connected count=2
info|2023-10-22 09:12:50.790692|[P2P][Service] heartBeat,connected count=2
info|2023-10-22 09:13:00.790909|[P2P][Service] heartBeat,connected count=2
info|2023-10-22 09:13:10.791347|[P2P][Service] heartBeat,connected count=2
info|2023-10-22 09:13:20.791745|[P2P][Service] heartBeat,connected count=2
info|2023-10-22 09:13:30.792200|[P2P][Service] heartBeat,connected count=2
info|2023-10-22 09:13:40.792532|[P2P][Service] heartBeat,connected count=2
info|2023-10-22 09:13:50.793054|[P2P][Service] heartBeat,connected count=2
info|2023-10-22 09:14:00.793214|[P2P][Service] heartBeat,connected count=2
info|2023-10-22 09:14:10.793705|[P2P][Service] heartBeat,connected count=2
info|2023-10-22 09:14:20.794296|[P2P][Service] heartBeat,connected count=2
info|2023-10-22 09:14:30.794649|[P2P][Service] heartBeat,connected count=2
info|2023-10-22 09:14:40.795303|[P2P][Service] heartBeat,connected count=2
info|2023-10-22 09:14:50.795746|[P2P][Service] heartBeat,connected count=2
info|2023-10-22 09:15:00.795845|[P2P][Service] heartBeat,connected count=2
info|2023-10-22 09:15:10.796375|[P2P][Service] heartBeat,connected count=2
info|2023-10-22 09:15:20.796766|[P2P][Service] heartBeat,connected count=2
info|2023-10-22 09:15:30.797367|[P2P][Service] heartBeat,connected count=2
info|2023-10-22 09:15:40.797673|[P2P][Service] heartBeat,connected count=2
info|2023-10-22 09:15:50.798023|[P2P][Service] heartBeat,connected count=2
info|2023-10-22 09:16:00.798462|[P2P][Service] heartBeat,connected count=2
info|2023-10-22 09:16:10.798940|[P2P][Service] heartBeat,connected count=2
info|2023-10-22 09:16:20.799106|[P2P][Service] heartBeat,connected count=2
info|2023-10-22 09:16:30.799502|[P2P][Service] heartBeat,connected count=2
info|2023-10-22 09:16:40.799793|[P2P][Service] heartBeat,connected count=2
info|2023-10-22 09:16:50.800303|[P2P][Service] heartBeat,connected count=2
info|2023-10-22 09:17:00.800561|[P2P][Service] heartBeat,connected count=2
info|2023-10-22 09:17:10.801135|[P2P][Service] heartBeat,connected count=2
info|2023-10-22 09:17:20.801441|[P2P][Service] heartBeat,connected count=2
info|2023-10-22 09:17:30.801556|[P2P][Service] heartBeat,connected count=2
info|2023-10-22 09:17:40.801824|[P2P][Service] heartBeat,connected count=2
info|2023-10-22 09:17:50.802234|[P2P][Service] heartBeat,connected count=2
info|2023-10-22 09:18:00.802833|[P2P][Service] heartBeat,connected count=2
info|2023-10-22 09:18:10.803249|[P2P][Service] heartBeat,connected count=2
info|2023-10-22 09:18:20.803642|[P2P][Service] heartBeat,connected count=2
info|2023-10-22 09:18:30.804106|[P2P][Service] heartBeat,connected count=2
info|2023-10-22 09:18:40.804350|[P2P][Service] heartBeat,connected count=2
info|2023-10-22 09:18:50.804566|[P2P][Service] heartBeat,connected count=2
info|2023-10-22 09:19:00.805193|[P2P][Service] heartBeat,connected count=2
info|2023-10-22 09:19:10.805631|[P2P][Service] heartBeat,connected count=2
info|2023-10-22 09:19:20.806191|[P2P][Service] heartBeat,connected count=2
info|2023-10-22 09:19:30.806310|[P2P][Service] heartBeat,connected count=2
info|2023-10-22 09:19:40.806467|[P2P][Service] heartBeat,connected count=2
info|2023-10-22 09:19:50.807063|[P2P][Service] heartBeat,connected count=2
info|2023-10-22 09:20:00.807296|[P2P][Service] heartBeat,connected count=2
info|2023-10-22 09:20:10.807878|[P2P][Service] heartBeat,connected count=2
info|2023-10-22 09:20:20.807984|[P2P][Service] heartBeat,connected count=2
info|2023-10-22 09:20:30.808323|[P2P][Service] heartBeat,connected count=2
info|2023-10-22 09:20:40.808561|[P2P][Service] heartBeat,connected count=2
info|2023-10-22 09:20:50.808713|[P2P][Service] heartBeat,connected count=2
info|2023-10-22 09:21:00.809059|[P2P][Service] heartBeat,connected count=2
info|2023-10-22 09:21:10.809371|[P2P][Service] heartBeat,connected count=2
info|2023-10-22 09:21:20.809829|[P2P][Service] heartBeat,connected count=2
info|2023-10-22 09:21:30.810133|[P2P][Service] heartBeat,connected count=2
info|2023-10-22 09:21:40.810547|[P2P][Service] heartBeat,connected count=2
info|2023-10-22 09:21:50.810974|[P2P][Service] heartBeat,connected count=2
info|2023-10-22 09:22:00.811280|[P2P][Service] heartBeat,connected count=2
info|2023-10-22 09:22:10.811811|[P2P][Service] heartBeat,connected count=2
info|2023-10-22 09:22:20.812073|[P2P][Service] heartBeat,connected count=2
info|2023-10-22 09:22:30.812244|[P2P][Service] heartBeat,connected count=2
info|2023-10-22 09:22:40.812882|[P2P][Service] heartBeat,connected count=2
info|2023-10-22 09:22:50.813163|[P2P][Service] heartBeat,connected count=2
info|2023-10-22 09:23:00.813433|[P2P][Service] heartBeat,connected count=2
info|2023-10-22 09:23:10.813887|[P2P][Service] heartBeat,connected count=2
info|2023-10-22 09:23:20.814211|[P2P][Service] heartBeat,connected count=2
info|2023-10-22 09:23:30.814621|[P2P][Service] heartBeat,connected count=2
info|2023-10-22 09:23:40.814885|[P2P][Service] heartBeat,connected count=2
info|2023-10-22 09:23:50.815155|[P2P][Service] heartBeat,connected count=2
info|2023-10-22 09:24:00.815697|[P2P][Service] heartBeat,connected count=2
info|2023-10-22 09:24:10.815906|[P2P][Service] heartBeat,connected count=2
info|2023-10-22 09:24:20.816501|[P2P][Service] heartBeat,connected count=2
info|2023-10-22 09:24:30.816782|[P2P][Service] heartBeat,connected count=2
info|2023-10-22 09:24:40.817284|[P2P][Service] heartBeat,connected count=2
info|2023-10-22 09:24:50.817628|[P2P][Service] heartBeat,connected count=2
info|2023-10-22 09:25:00.817994|[P2P][Service] heartBeat,connected count=2
info|2023-10-22 09:25:10.818277|[P2P][Service] heartBeat,connected count=2
info|2023-10-22 09:25:20.818724|[P2P][Service] heartBeat,connected count=2
info|2023-10-22 09:25:30.819038|[P2P][Service] heartBeat,connected count=2
info|2023-10-22 09:25:40.819661|[P2P][Service] heartBeat,connected count=2
info|2023-10-22 09:25:50.820011|[P2P][Service] heartBeat,connected count=2
info|2023-10-22 09:26:00.820464|[P2P][Service] heartBeat,connected count=2
info|2023-10-22 09:26:10.820903|[P2P][Service] heartBeat,connected count=2
info|2023-10-22 09:26:20.821108|[P2P][Service] heartBeat,connected count=2
info|2023-10-22 09:26:30.821426|[P2P][Service] heartBeat,connected count=2
info|2023-10-22 09:26:40.821845|[P2P][Service] heartBeat,connected count=2
info|2023-10-22 09:26:50.822229|[P2P][Service] heartBeat,connected count=2
info|2023-10-22 09:27:00.822758|[P2P][Service] heartBeat,connected count=2
info|2023-10-22 09:27:10.822862|[P2P][Service] heartBeat,connected count=2
info|2023-10-22 09:27:20.823118|[P2P][Service] heartBeat,connected count=2
info|2023-10-22 09:27:30.823469|[P2P][Service] heartBeat,connected count=2
info|2023-10-22 09:27:40.823644|[P2P][Service] heartBeat,connected count=2
info|2023-10-22 09:27:50.824036|[P2P][Service] heartBeat,connected count=2
info|2023-10-22 09:28:00.824566|[P2P][Service] heartBeat,connected count=2
info|2023-10-22 09:28:10.824800|[P2P][Service] heartBeat,connected count=2
info|2023-10-22 09:28:20.824930|[P2P][Service] heartBeat,connected count=2
info|2023-10-22 09:28:30.825264|[P2P][Service] heartBeat,connected count=2
info|2023-10-22 09:28:40.825696|[P2P][Service] heartBeat,connected count=2
info|2023-10-22 09:28:50.826365|[P2P][Service] heartBeat,connected count=2
info|2023-10-22 09:29:00.826892|[P2P][Service] heartBeat,connected count=2
info|2023-10-22 09:29:10.827291|[P2P][Service] heartBeat,connected count=2
info|2023-10-22 09:29:20.827708|[P2P][Service] heartBeat,connected count=2
info|2023-10-22 09:29:30.828273|[P2P][Service] heartBeat,connected count=2
info|2023-10-22 09:29:40.828609|[P2P][Service] heartBeat,connected count=2
info|2023-10-22 09:29:50.828999|[P2P][Service] heartBeat,connected count=2
info|2023-10-22 09:30:00.829192|[P2P][Service] heartBeat,connected count=2
info|2023-10-22 09:30:10.829324|[P2P][Service] heartBeat,connected count=2
info|2023-10-22 09:30:20.829607|[P2P][Service] heartBeat,connected count=2
info|2023-10-22 09:30:30.829873|[P2P][Service] heartBeat,connected count=2
info|2023-10-22 09:30:40.830546|[P2P][Service] heartBeat,connected count=2
info|2023-10-22 09:30:50.831148|[P2P][Service] heartBeat,connected count=2
info|2023-10-22 09:31:00.831408|[P2P][Service] heartBeat,connected count=2
info|2023-10-22 09:31:10.831668|[P2P][Service] heartBeat,connected count=2
info|2023-10-22 09:31:20.832117|[P2P][Service] heartBeat,connected count=2
info|2023-10-22 09:31:30.832475|[P2P][Service] heartBeat,connected count=2
info|2023-10-22 09:31:40.832876|[P2P][Service] heartBeat,connected count=2
info|2023-10-22 09:31:50.833355|[P2P][Service] heartBeat,connected count=2
info|2023-10-22 09:32:00.833556|[P2P][Service] heartBeat,connected count=2
info|2023-10-22 09:32:10.833699|[P2P][Service] heartBeat,connected count=2
info|2023-10-22 09:32:20.834123|[P2P][Service] heartBeat,connected count=2
info|2023-10-22 09:32:26.225458|[LEDGER]stop sealer,groupID=1
info|2023-10-22 09:32:26.225483|[CONSENSUS][SEALER]Stop sealer module...
info|2023-10-22 09:32:26.228948|[CONSENSUS][ConsensusEngine][Stop ConsensusEngineBase]
info|2023-10-22 09:32:26.231957|[CONSENSUS][ConsensusEngine]ConsensusEngineBase stopped
info|2023-10-22 09:32:26.231996|[LEDGER]sealer stopped. stop sync,groupID=1
info|2023-10-22 09:32:26.232609|[g:1] [SYNC][id:7b5d067e...]SyncMsgEngine stopped
info|2023-10-22 09:32:26.240454|[GossipBlockStatus]stop GossipBlockStatus succ
info|2023-10-22 09:32:27.146278|[SYNC][id:7b5d067e...][g:1]SyncMaster stopped
info|2023-10-22 09:32:27.146316|[LEDGER]sync stopped. stop event filter manager,groupID=1
info|2023-10-22 09:32:27.179354|[EVENT][EventLogFilterManager]stop
info|2023-10-22 09:32:27.179372|[LEDGER]event filter manager stopped. stop tx pool,groupID=1
info|2023-10-22 09:32:27.179550|[LEDGER]removeNetworkStatHandlerByGroupID and removeGroupBandwidthLimiter for service,groupID=1
info|2023-10-22 09:32:27.179559|[CHANNEL]removeSDKAllowListByGroupId,groupId=1
info|2023-10-22 09:32:27.179563|[INITIALIZER]ledgerInitializer stopped
info|2023-10-22 09:32:28.180567|[INITIALIZER]ChannelRPCHttpServer deleted.
info|2023-10-22 09:32:28.181322|[INITIALIZER]JsonrpcHttpServer deleted.
info|2023-10-22 09:32:28.181341|[INITIALIZER]RPCInitializer stopped
info|2023-10-22 09:32:28.181362|[NETWORK][Host]Host exit
info|2023-10-22 09:32:28.182073|[INITIALIZER]P2PInitializer stopped
info|2023-10-22 09:32:28.182084|[LEDGER]stop sealer,groupID=1
info|2023-10-22 09:32:28.182088|[LEDGER]sealer stopped. stop sync,groupID=1
info|2023-10-22 09:32:28.182093|[g:1] [SYNC][id:7b5d067e...]SyncMsgEngine stopped
info|2023-10-22 09:32:28.182099|[GossipBlockStatus]GossipBlockStatus already stopped
info|2023-10-22 09:32:28.182101|[SYNC][id:7b5d067e...][g:1]SyncMaster stopped
info|2023-10-22 09:32:28.182103|[LEDGER]sync stopped. stop event filter manager,groupID=1
info|2023-10-22 09:32:28.182104|[LEDGER]event filter manager stopped. stop tx pool,groupID=1
info|2023-10-22 09:32:28.182108|[LEDGER]removeNetworkStatHandlerByGroupID and removeGroupBandwidthLimiter for service,groupID=1
info|2023-10-22 09:32:28.182114|[g:1][STORAGE][CachedStorage]Stopping flushStorage thread
info|2023-10-22 09:32:28.838148|[g:1][STORAGE][CachedStorage]flushStorage thread stopped.
info|2023-10-22 09:32:28.838200|[DBINITIALIZER] storage stopped
info|2023-10-22 09:32:28.841237|[g:1] [SYNC][id:7b5d067e...]SyncMsgEngine stopped
info|2023-10-22 09:32:28.841263|[GossipBlockStatus]GossipBlockStatus already stopped
info|2023-10-22 09:32:28.841266|[SYNC][id:7b5d067e...][g:1]SyncMaster stopped
info|2023-10-22 09:32:28.841277|[g:1] [SYNC][id:7b5d067e...]SyncMsgEngine stopped
