info|2023-10-24 19:00:03.827849|[P2P][Service] heartBeat,connected count=2
info|2023-10-24 19:00:13.828188|[P2P][Service] heartBeat,connected count=2
info|2023-10-24 19:00:23.828736|[P2P][Service] heartBeat,connected count=2
info|2023-10-24 19:00:33.829224|[P2P][Service] heartBeat,connected count=2
info|2023-10-24 19:00:43.829692|[P2P][Service] heartBeat,connected count=2
info|2023-10-24 19:00:53.830078|[P2P][Service] heartBeat,connected count=2
info|2023-10-24 19:01:03.830540|[P2P][Service] heartBeat,connected count=2
info|2023-10-24 19:01:13.830904|[P2P][Service] heartBeat,connected count=2
info|2023-10-24 19:01:23.831647|[P2P][Service] heartBeat,connected count=2
info|2023-10-24 19:01:33.832190|[P2P][Service] heartBeat,connected count=2
info|2023-10-24 19:01:43.832832|[P2P][Service] heartBeat,connected count=2
info|2023-10-24 19:01:53.833117|[P2P][Service] heartBeat,connected count=2
info|2023-10-24 19:02:03.833503|[P2P][Service] heartBeat,connected count=2
info|2023-10-24 19:02:13.834241|[P2P][Service] heartBeat,connected count=2
info|2023-10-24 19:02:23.835171|[P2P][Service] heartBeat,connected count=2
info|2023-10-24 19:02:33.835873|[P2P][Service] heartBeat,connected count=2
info|2023-10-24 19:02:43.836269|[P2P][Service] heartBeat,connected count=2
info|2023-10-24 19:02:53.836778|[P2P][Service] heartBeat,connected count=2
info|2023-10-24 19:03:03.837134|[P2P][Service] heartBeat,connected count=2
info|2023-10-24 19:03:13.837648|[P2P][Service] heartBeat,connected count=2
info|2023-10-24 19:03:23.838322|[P2P][Service] heartBeat,connected count=2
info|2023-10-24 19:03:33.838772|[P2P][Service] heartBeat,connected count=2
info|2023-10-24 19:03:43.839646|[P2P][Service] heartBeat,connected count=2
info|2023-10-24 19:03:53.839796|[P2P][Service] heartBeat,connected count=2
info|2023-10-24 19:04:03.840131|[P2P][Service] heartBeat,connected count=2
info|2023-10-24 19:04:13.840788|[P2P][Service] heartBeat,connected count=2
info|2023-10-24 19:04:23.841176|[P2P][Service] heartBeat,connected count=2
info|2023-10-24 19:04:33.841386|[P2P][Service] heartBeat,connected count=2
info|2023-10-24 19:04:43.841989|[P2P][Service] heartBeat,connected count=2
info|2023-10-24 19:04:53.842418|[P2P][Service] heartBeat,connected count=2
info|2023-10-24 19:05:03.843060|[P2P][Service] heartBeat,connected count=2
info|2023-10-24 19:05:13.843755|[P2P][Service] heartBeat,connected count=2
info|2023-10-24 19:05:23.844345|[P2P][Service] heartBeat,connected count=2
info|2023-10-24 19:05:33.844521|[P2P][Service] heartBeat,connected count=2
info|2023-10-24 19:05:43.844848|[P2P][Service] heartBeat,connected count=2
info|2023-10-24 19:05:53.845227|[P2P][Service] heartBeat,connected count=2
info|2023-10-24 19:06:03.845674|[P2P][Service] heartBeat,connected count=2
info|2023-10-24 19:06:13.846358|[P2P][Service] heartBeat,connected count=2
info|2023-10-24 19:06:23.846635|[P2P][Service] heartBeat,connected count=2
info|2023-10-24 19:06:33.846889|[P2P][Service] heartBeat,connected count=2
info|2023-10-24 19:06:43.847274|[P2P][Service] heartBeat,connected count=2
info|2023-10-24 19:06:53.847949|[P2P][Service] heartBeat,connected count=2
info|2023-10-24 19:07:03.848595|[P2P][Service] heartBeat,connected count=2
info|2023-10-24 19:07:13.849227|[P2P][Service] heartBeat,connected count=2
info|2023-10-24 19:07:23.849737|[P2P][Service] heartBeat,connected count=2
info|2023-10-24 19:07:33.850162|[P2P][Service] heartBeat,connected count=2
info|2023-10-24 19:07:43.850745|[P2P][Service] heartBeat,connected count=2
info|2023-10-24 19:07:53.850912|[P2P][Service] heartBeat,connected count=2
info|2023-10-24 19:08:03.851368|[P2P][Service] heartBeat,connected count=2
info|2023-10-24 19:08:13.851701|[P2P][Service] heartBeat,connected count=2
info|2023-10-24 19:08:23.852314|[P2P][Service] heartBeat,connected count=2
info|2023-10-24 19:08:33.853210|[P2P][Service] heartBeat,connected count=2
info|2023-10-24 19:08:43.853833|[P2P][Service] heartBeat,connected count=2
info|2023-10-24 19:08:53.854284|[P2P][Service] heartBeat,connected count=2
info|2023-10-24 19:09:03.854892|[P2P][Service] heartBeat,connected count=2
info|2023-10-24 19:09:13.855501|[P2P][Service] heartBeat,connected count=2
info|2023-10-24 19:09:23.855879|[P2P][Service] heartBeat,connected count=2
info|2023-10-24 19:09:33.856678|[P2P][Service] heartBeat,connected count=2
info|2023-10-24 19:09:43.857414|[P2P][Service] heartBeat,connected count=2
info|2023-10-24 19:09:53.858003|[P2P][Service] heartBeat,connected count=2
info|2023-10-24 19:10:03.858617|[P2P][Service] heartBeat,connected count=2
info|2023-10-24 19:10:13.859345|[P2P][Service] heartBeat,connected count=2
info|2023-10-24 19:10:23.860184|[P2P][Service] heartBeat,connected count=2
info|2023-10-24 19:10:33.860781|[P2P][Service] heartBeat,connected count=2
info|2023-10-24 19:10:43.861428|[P2P][Service] heartBeat,connected count=2
info|2023-10-24 19:10:53.861801|[P2P][Service] heartBeat,connected count=2
info|2023-10-24 19:11:03.862520|[P2P][Service] heartBeat,connected count=2
info|2023-10-24 19:11:13.863057|[P2P][Service] heartBeat,connected count=2
info|2023-10-24 19:11:23.863867|[P2P][Service] heartBeat,connected count=2
info|2023-10-24 19:11:33.864324|[P2P][Service] heartBeat,connected count=2
info|2023-10-24 19:11:43.864681|[P2P][Service] heartBeat,connected count=2
info|2023-10-24 19:11:53.865373|[P2P][Service] heartBeat,connected count=2
info|2023-10-24 19:12:03.865945|[P2P][Service] heartBeat,connected count=2
info|2023-10-24 19:12:13.866305|[P2P][Service] heartBeat,connected count=2
info|2023-10-24 19:12:23.866770|[P2P][Service] heartBeat,connected count=2
info|2023-10-24 19:12:33.866945|[P2P][Service] heartBeat,connected count=2
info|2023-10-24 19:12:43.867293|[P2P][Service] heartBeat,connected count=2
info|2023-10-24 19:12:53.868125|[P2P][Service] heartBeat,connected count=2
info|2023-10-24 19:13:03.868954|[P2P][Service] heartBeat,connected count=2
info|2023-10-24 19:13:13.869103|[P2P][Service] heartBeat,connected count=2
info|2023-10-24 19:13:23.869605|[P2P][Service] heartBeat,connected count=2
info|2023-10-24 19:13:33.870029|[P2P][Service] heartBeat,connected count=2
info|2023-10-24 19:13:43.871095|[P2P][Service] heartBeat,connected count=2
info|2023-10-24 19:13:53.871948|[P2P][Service] heartBeat,connected count=2
info|2023-10-24 19:14:03.872596|[P2P][Service] heartBeat,connected count=2
info|2023-10-24 19:14:13.873143|[P2P][Service] heartBeat,connected count=2
info|2023-10-24 19:14:23.873826|[P2P][Service] heartBeat,connected count=2
info|2023-10-24 19:14:33.874200|[P2P][Service] heartBeat,connected count=2
info|2023-10-24 19:14:43.874482|[P2P][Service] heartBeat,connected count=2
info|2023-10-24 19:14:53.875152|[P2P][Service] heartBeat,connected count=2
info|2023-10-24 19:15:03.875619|[P2P][Service] heartBeat,connected count=2
info|2023-10-24 19:15:13.876202|[P2P][Service] heartBeat,connected count=2
info|2023-10-24 19:15:23.876609|[P2P][Service] heartBeat,connected count=2
info|2023-10-24 19:15:33.876949|[P2P][Service] heartBeat,connected count=2
info|2023-10-24 19:15:43.877510|[P2P][Service] heartBeat,connected count=2
info|2023-10-24 19:15:53.878139|[P2P][Service] heartBeat,connected count=2
info|2023-10-24 19:16:03.878738|[P2P][Service] heartBeat,connected count=2
info|2023-10-24 19:16:13.879155|[P2P][Service] heartBeat,connected count=2
info|2023-10-24 19:16:23.879728|[P2P][Service] heartBeat,connected count=2
info|2023-10-24 19:16:33.880258|[P2P][Service] heartBeat,connected count=2
info|2023-10-24 19:16:43.880812|[P2P][Service] heartBeat,connected count=2
info|2023-10-24 19:16:53.881530|[P2P][Service] heartBeat,connected count=2
info|2023-10-24 19:17:03.882066|[P2P][Service] heartBeat,connected count=2
info|2023-10-24 19:17:13.882782|[P2P][Service] heartBeat,connected count=2
info|2023-10-24 19:17:23.883070|[P2P][Service] heartBeat,connected count=2
info|2023-10-24 19:17:33.883950|[P2P][Service] heartBeat,connected count=2
info|2023-10-24 19:17:43.884212|[P2P][Service] heartBeat,connected count=2
info|2023-10-24 19:17:53.884804|[P2P][Service] heartBeat,connected count=2
info|2023-10-24 19:18:03.885545|[P2P][Service] heartBeat,connected count=2
info|2023-10-24 19:18:13.886303|[P2P][Service] heartBeat,connected count=2
info|2023-10-24 19:18:23.886957|[P2P][Service] heartBeat,connected count=2
info|2023-10-24 19:18:33.887560|[P2P][Service] heartBeat,connected count=2
info|2023-10-24 19:18:43.888112|[P2P][Service] heartBeat,connected count=2
info|2023-10-24 19:18:53.888860|[P2P][Service] heartBeat,connected count=2
info|2023-10-24 19:19:03.889523|[P2P][Service] heartBeat,connected count=2
info|2023-10-24 19:19:08.980116|[LEDGER]stop sealer,groupID=1
info|2023-10-24 19:19:08.980136|[CONSENSUS][SEALER]Stop sealer module...
info|2023-10-24 19:19:08.984924|[CONSENSUS][ConsensusEngine][Stop ConsensusEngineBase]
info|2023-10-24 19:19:08.990703|[CONSENSUS][ConsensusEngine]ConsensusEngineBase stopped
info|2023-10-24 19:19:08.990766|[LEDGER]sealer stopped. stop sync,groupID=1
info|2023-10-24 19:19:08.991995|[g:1] [SYNC][id:7b5d067e...]SyncMsgEngine stopped
info|2023-10-24 19:19:09.109209|[GossipBlockStatus]stop GossipBlockStatus succ
info|2023-10-24 19:19:09.551862|[SYNC][id:7b5d067e...][g:1]SyncMaster stopped
info|2023-10-24 19:19:09.552017|[LEDGER]sync stopped. stop event filter manager,groupID=1
info|2023-10-24 19:19:09.653707|[EVENT][EventLogFilterManager]stop
info|2023-10-24 19:19:09.653758|[LEDGER]event filter manager stopped. stop tx pool,groupID=1
info|2023-10-24 19:19:09.654778|[LEDGER]removeNetworkStatHandlerByGroupID and removeGroupBandwidthLimiter for service,groupID=1
info|2023-10-24 19:19:09.654826|[CHANNEL]removeSDKAllowListByGroupId,groupId=1
info|2023-10-24 19:19:09.654837|[INITIALIZER]ledgerInitializer stopped
info|2023-10-24 19:19:09.664094|[NETWORK][Session]Received topic: [3] from e7ccba2c03cbae1d94cb4eee8113f99e91e1c766c0bcb9ea229120a9c5522250ab2b6c7d7531e3484b24ca9e3ad045341ea84d9c2aa70b87a00dca51bc889f2a
info|2023-10-24 19:19:10.656115|[INITIALIZER]ChannelRPCHttpServer deleted.
info|2023-10-24 19:19:10.657207|[INITIALIZER]JsonrpcHttpServer deleted.
info|2023-10-24 19:19:10.657248|[INITIALIZER]RPCInitializer stopped
info|2023-10-24 19:19:10.657355|[NETWORK][Host]Host exit
info|2023-10-24 19:19:10.658217|[INITIALIZER]P2PInitializer stopped
info|2023-10-24 19:19:10.658265|[LEDGER]stop sealer,groupID=1
info|2023-10-24 19:19:10.658272|[LEDGER]sealer stopped. stop sync,groupID=1
info|2023-10-24 19:19:10.658281|[g:1] [SYNC][id:7b5d067e...]SyncMsgEngine stopped
info|2023-10-24 19:19:10.658293|[GossipBlockStatus]GossipBlockStatus already stopped
info|2023-10-24 19:19:10.658297|[SYNC][id:7b5d067e...][g:1]SyncMaster stopped
info|2023-10-24 19:19:10.658302|[LEDGER]sync stopped. stop event filter manager,groupID=1
info|2023-10-24 19:19:10.658306|[LEDGER]event filter manager stopped. stop tx pool,groupID=1
info|2023-10-24 19:19:10.658312|[LEDGER]removeNetworkStatHandlerByGroupID and removeGroupBandwidthLimiter for service,groupID=1
info|2023-10-24 19:19:10.658322|[g:1][STORAGE][CachedStorage]Stopping flushStorage thread
info|2023-10-24 19:19:11.265833|[g:1][STORAGE][CachedStorage]flushStorage thread stopped.
info|2023-10-24 19:19:11.299253|[DBINITIALIZER] storage stopped
info|2023-10-24 19:19:11.302957|[g:1] [SYNC][id:7b5d067e...]SyncMsgEngine stopped
info|2023-10-24 19:19:11.303006|[GossipBlockStatus]GossipBlockStatus already stopped
info|2023-10-24 19:19:11.303012|[SYNC][id:7b5d067e...][g:1]SyncMaster stopped
info|2023-10-24 19:19:11.303033|[g:1] [SYNC][id:7b5d067e...]SyncMsgEngine stopped
