info|2023-10-20 00:00:09.553961|[P2P][Service] heartBeat,connected count=2
info|2023-10-20 00:00:19.554459|[P2P][Service] heartBeat,connected count=2
info|2023-10-20 00:00:29.554679|[P2P][Service] heartBeat,connected count=2
info|2023-10-20 00:00:39.555151|[P2P][Service] heartBeat,connected count=2
info|2023-10-20 00:00:49.555657|[P2P][Service] heartBeat,connected count=2
info|2023-10-20 00:00:59.556010|[P2P][Service] heartBeat,connected count=2
info|2023-10-20 00:01:09.556614|[P2P][Service] heartBeat,connected count=2
info|2023-10-20 00:01:19.557098|[P2P][Service] heartBeat,connected count=2
info|2023-10-20 00:01:29.557379|[P2P][Service] heartBeat,connected count=2
info|2023-10-20 00:01:39.557978|[P2P][Service] heartBeat,connected count=2
info|2023-10-20 00:01:49.558230|[P2P][Service] heartBeat,connected count=2
info|2023-10-20 00:01:59.558519|[P2P][Service] heartBeat,connected count=2
info|2023-10-20 00:02:09.558953|[P2P][Service] heartBeat,connected count=2
info|2023-10-20 00:02:19.559635|[P2P][Service] heartBeat,connected count=2
info|2023-10-20 00:02:29.560356|[P2P][Service] heartBeat,connected count=2
info|2023-10-20 00:02:39.560793|[P2P][Service] heartBeat,connected count=2
info|2023-10-20 00:02:49.561366|[P2P][Service] heartBeat,connected count=2
info|2023-10-20 00:02:59.561845|[P2P][Service] heartBeat,connected count=2
info|2023-10-20 00:03:09.562391|[P2P][Service] heartBeat,connected count=2
info|2023-10-20 00:03:19.562664|[P2P][Service] heartBeat,connected count=2
info|2023-10-20 00:03:29.563197|[P2P][Service] heartBeat,connected count=2
info|2023-10-20 00:03:39.563866|[P2P][Service] heartBeat,connected count=2
info|2023-10-20 00:03:49.564067|[P2P][Service] heartBeat,connected count=2
info|2023-10-20 00:03:59.564494|[P2P][Service] heartBeat,connected count=2
info|2023-10-20 00:04:09.565011|[P2P][Service] heartBeat,connected count=2
info|2023-10-20 00:04:19.565517|[P2P][Service] heartBeat,connected count=2
info|2023-10-20 00:04:29.565981|[P2P][Service] heartBeat,connected count=2
info|2023-10-20 00:04:39.566337|[P2P][Service] heartBeat,connected count=2
info|2023-10-20 00:04:49.567096|[P2P][Service] heartBeat,connected count=2
info|2023-10-20 00:04:59.567376|[P2P][Service] heartBeat,connected count=2
info|2023-10-20 00:05:09.567715|[P2P][Service] heartBeat,connected count=2
info|2023-10-20 00:05:19.568335|[P2P][Service] heartBeat,connected count=2
info|2023-10-20 00:05:36.065725|[P2P][Service] heartBeat,connected count=2
info|2023-10-20 00:05:46.200817|[P2P][Service] heartBeat,connected count=2
warning|2023-10-20 00:22:44.451919|[NETWORK][Session]doRead error,endpoint=127.0.0.1:30300,message=short read
info|2023-10-20 00:22:44.451932|[NETWORK][Session]drop, call and erase all callbackFunc in this session!,endpoint=127.0.0.1:30300
warning|2023-10-20 00:22:44.451975|[NETWORK][Session][drop] closing remote 0.0.0.0:0,reason=Low-level TCP communication error.,endpoint=127.0.0.1:30300
warning|2023-10-20 00:22:44.452040|[NETWORK][Session]doRead error,endpoint=127.0.0.1:30301,message=short read
info|2023-10-20 00:22:44.452045|[NETWORK][Session]drop, call and erase all callbackFunc in this session!,endpoint=127.0.0.1:30301
warning|2023-10-20 00:22:44.455011|[NETWORK][Session][drop] closing remote 0.0.0.0:0,reason=Low-level TCP communication error.,endpoint=127.0.0.1:30301
info|2023-10-20 00:22:44.455128|[P2P][Service] heartBeat,connected count=2
error|2023-10-20 00:22:44.455142|[NETWORK][Session]Session inactived
error|2023-10-20 00:22:44.455145|[NETWORK][Session]Session inactived
error|2023-10-20 00:22:44.455148|[NETWORK][Session]Session inactived
error|2023-10-20 00:22:44.455151|[NETWORK][Session]Session inactived
warning|2023-10-20 00:22:44.455221|[NETWORK][Session][drop] shutdown failed ,errorValue=9,message=Bad file descriptor
warning|2023-10-20 00:22:44.455233|[NETWORK][Session][drop] shutdown failed ,errorValue=9,message=Bad file descriptor
warning|2023-10-20 00:22:44.455277|[P2P][Service] disconnect error P2PSession,nodeID=e7ccba2c...,endpoint=127.0.0.1:30300,errorCode=3,what=Disconnect
warning|2023-10-20 00:22:44.455336|[P2P][Service] onDisconnect,errorCode=3,what=Dynamic exception type: dev::network::NetworkException
std::exception::what: Disconnect

warning|2023-10-20 00:22:44.455376|[P2P][Service] disconnect error P2PSession,nodeID=604bffed...,endpoint=127.0.0.1:30301,errorCode=3,what=Disconnect
warning|2023-10-20 00:22:44.455382|[P2P][Service] onDisconnect,errorCode=3,what=Dynamic exception type: dev::network::NetworkException
std::exception::what: Disconnect

info|2023-10-20 00:22:54.455531|[NETWORK][Host]Connecting to node,endpoint=127.0.0.1:30300
info|2023-10-20 00:22:54.455760|[NETWORK][Host]Connecting to node,endpoint=127.0.0.1:30301
info|2023-10-20 00:22:54.455835|[P2P][Service] heartBeat,connected count=0
info|2023-10-20 00:22:54.456004|[NETWORK][ASIO]asyncResolveConnect,endpoint=127.0.0.1:30300
info|2023-10-20 00:22:54.456072|[NETWORK][ASIO]asyncResolveConnect,endpoint=127.0.0.1:30301
error|2023-10-20 00:22:54.457008|[NETWORK][Host]Get ca basic failed
error|2023-10-20 00:22:54.459646|[NETWORK][Host]Get ca basic failed
info|2023-10-20 00:22:54.462056|[NETWORK][Host]handshakeClient succ,local endpoint=127.0.0.1:52890
info|2023-10-20 00:22:54.462098|[NETWORK][Host]startPeerSession, Remote=127.0.0.1:30300,local endpoint=127.0.0.1:52890,nodeID=e7ccba2c...
info|2023-10-20 00:22:54.462271|[P2P][Service] Connection established,nodeID=e7ccba2c...,endpoint=127.0.0.1:30300
info|2023-10-20 00:22:54.463198|[NETWORK][Session]Received topic: [2	_block_notify_1	_block_notify_2] from e7ccba2c03cbae1d94cb4eee8113f99e91e1c766c0bcb9ea229120a9c5522250ab2b6c7d7531e3484b24ca9e3ad045341ea84d9c2aa70b87a00dca51bc889f2a
info|2023-10-20 00:22:54.464071|[NETWORK][Host]handshakeClient succ,local endpoint=127.0.0.1:46788
info|2023-10-20 00:22:54.464113|[NETWORK][Host]startPeerSession, Remote=127.0.0.1:30301,local endpoint=127.0.0.1:46788,nodeID=604bffed...
info|2023-10-20 00:22:54.464243|[P2P][Service] Connection established,nodeID=604bffed...,endpoint=127.0.0.1:30301
info|2023-10-20 00:23:04.456617|[P2P][Service] heartBeat,connected count=2
info|2023-10-20 00:23:14.456803|[P2P][Service] heartBeat,connected count=2
info|2023-10-20 00:23:24.456986|[P2P][Service] heartBeat,connected count=2
info|2023-10-20 00:23:34.457176|[P2P][Service] heartBeat,connected count=2
info|2023-10-20 00:23:44.457908|[P2P][Service] heartBeat,connected count=2
info|2023-10-20 00:23:54.458524|[P2P][Service] heartBeat,connected count=2
info|2023-10-20 00:24:04.459060|[P2P][Service] heartBeat,connected count=2
info|2023-10-20 00:24:14.459303|[P2P][Service] heartBeat,connected count=2
info|2023-10-20 00:24:24.459761|[P2P][Service] heartBeat,connected count=2
info|2023-10-20 00:24:34.460877|[P2P][Service] heartBeat,connected count=2
info|2023-10-20 00:24:51.971403|[P2P][Service] heartBeat,connected count=2
warning|2023-10-20 00:27:52.395256|[NETWORK][Session]doRead error,endpoint=127.0.0.1:30301,message=short read
info|2023-10-20 00:27:52.395269|[NETWORK][Session]drop, call and erase all callbackFunc in this session!,endpoint=127.0.0.1:30301
warning|2023-10-20 00:27:52.395279|[NETWORK][Session][drop] closing remote 127.0.0.1:30301,reason=Low-level TCP communication error.,endpoint=127.0.0.1:30301
error|2023-10-20 00:27:52.395324|[NETWORK][Session]Session inactived
error|2023-10-20 00:27:52.395327|[NETWORK][Session]Session inactived
warning|2023-10-20 00:27:52.395329|[NETWORK][Session][drop] shutdown failed ,errorValue=9,message=Bad file descriptor
warning|2023-10-20 00:27:52.396122|[P2P][Service] disconnect error P2PSession,nodeID=604bffed...,endpoint=127.0.0.1:30301,errorCode=3,what=Disconnect
warning|2023-10-20 00:27:52.396173|[P2P][Service] onDisconnect,errorCode=3,what=Dynamic exception type: dev::network::NetworkException
std::exception::what: Disconnect

warning|2023-10-20 00:27:52.432730|[NETWORK][Session]doRead error,endpoint=127.0.0.1:30300,message=short read
info|2023-10-20 00:27:52.432756|[NETWORK][Session]drop, call and erase all callbackFunc in this session!,endpoint=127.0.0.1:30300
warning|2023-10-20 00:27:52.432765|[NETWORK][Session][drop] closing remote 127.0.0.1:30300,reason=Low-level TCP communication error.,endpoint=127.0.0.1:30300
error|2023-10-20 00:27:52.432845|[NETWORK][Session]Session inactived
error|2023-10-20 00:27:52.432851|[NETWORK][Session]Session inactived
warning|2023-10-20 00:27:52.432855|[NETWORK][Session][drop] shutdown failed ,errorValue=9,message=Bad file descriptor
warning|2023-10-20 00:27:52.432887|[P2P][Service] disconnect error P2PSession,nodeID=e7ccba2c...,endpoint=127.0.0.1:30300,errorCode=3,what=Disconnect
warning|2023-10-20 00:27:52.432966|[P2P][Service] onDisconnect,errorCode=3,what=Dynamic exception type: dev::network::NetworkException
std::exception::what: Disconnect

info|2023-10-20 00:27:57.343605|[NETWORK][Host]Connecting to node,endpoint=127.0.0.1:30300
info|2023-10-20 00:27:57.343753|[NETWORK][Host]Connecting to node,endpoint=127.0.0.1:30301
info|2023-10-20 00:27:57.343798|[P2P][Service] heartBeat,connected count=0
info|2023-10-20 00:27:57.344688|[NETWORK][ASIO]asyncResolveConnect,endpoint=127.0.0.1:30300
info|2023-10-20 00:27:57.344800|[NETWORK][ASIO]asyncResolveConnect,endpoint=127.0.0.1:30301
error|2023-10-20 00:27:57.345737|[NETWORK][Host]Get ca basic failed
error|2023-10-20 00:27:57.348255|[NETWORK][Host]Get ca basic failed
info|2023-10-20 00:27:57.350667|[NETWORK][Host]handshakeClient succ,local endpoint=127.0.0.1:46228
info|2023-10-20 00:27:57.350713|[NETWORK][Host]startPeerSession, Remote=127.0.0.1:30300,local endpoint=127.0.0.1:46228,nodeID=e7ccba2c...
info|2023-10-20 00:27:57.350786|[P2P][Service] Connection established,nodeID=e7ccba2c...,endpoint=127.0.0.1:30300
info|2023-10-20 00:27:57.351668|[NETWORK][Session]Received topic: [2	_block_notify_1	_block_notify_2] from e7ccba2c03cbae1d94cb4eee8113f99e91e1c766c0bcb9ea229120a9c5522250ab2b6c7d7531e3484b24ca9e3ad045341ea84d9c2aa70b87a00dca51bc889f2a
info|2023-10-20 00:27:57.352650|[NETWORK][Host]handshakeClient succ,local endpoint=127.0.0.1:35554
info|2023-10-20 00:27:57.352719|[P2P][Service] Connection established,nodeID=604bffed...,endpoint=127.0.0.1:30301
info|2023-10-20 00:27:57.352733|[NETWORK][Host]startPeerSession, Remote=127.0.0.1:30301,local endpoint=127.0.0.1:35554,nodeID=604bffed...
info|2023-10-20 00:28:07.344046|[P2P][Service] heartBeat,connected count=2
info|2023-10-20 00:28:17.344520|[P2P][Service] heartBeat,connected count=2
info|2023-10-20 00:28:27.345004|[P2P][Service] heartBeat,connected count=2
info|2023-10-20 00:28:37.345295|[P2P][Service] heartBeat,connected count=2
info|2023-10-20 00:28:47.345625|[P2P][Service] heartBeat,connected count=2
info|2023-10-20 00:28:57.345868|[P2P][Service] heartBeat,connected count=2
info|2023-10-20 00:29:07.346168|[P2P][Service] heartBeat,connected count=2
info|2023-10-20 00:29:17.346544|[P2P][Service] heartBeat,connected count=2
info|2023-10-20 00:29:27.347377|[P2P][Service] heartBeat,connected count=2
info|2023-10-20 00:29:37.347883|[P2P][Service] heartBeat,connected count=2
info|2023-10-20 00:29:47.348198|[P2P][Service] heartBeat,connected count=2
info|2023-10-20 00:29:57.349014|[P2P][Service] heartBeat,connected count=2
info|2023-10-20 00:30:07.349469|[P2P][Service] heartBeat,connected count=2
info|2023-10-20 00:30:17.350191|[P2P][Service] heartBeat,connected count=2
info|2023-10-20 00:30:27.350525|[P2P][Service] heartBeat,connected count=2
info|2023-10-20 00:30:37.351086|[P2P][Service] heartBeat,connected count=2
info|2023-10-20 00:30:47.351524|[P2P][Service] heartBeat,connected count=2
info|2023-10-20 00:30:57.352307|[P2P][Service] heartBeat,connected count=2
info|2023-10-20 00:31:07.352863|[P2P][Service] heartBeat,connected count=2
info|2023-10-20 00:31:17.353074|[P2P][Service] heartBeat,connected count=2
info|2023-10-20 00:31:27.353625|[P2P][Service] heartBeat,connected count=2
info|2023-10-20 00:31:37.353875|[P2P][Service] heartBeat,connected count=2
info|2023-10-20 00:31:47.354232|[P2P][Service] heartBeat,connected count=2
info|2023-10-20 00:31:57.354799|[P2P][Service] heartBeat,connected count=2
info|2023-10-20 00:32:07.355375|[P2P][Service] heartBeat,connected count=2
info|2023-10-20 00:32:17.356122|[P2P][Service] heartBeat,connected count=2
info|2023-10-20 00:32:27.356629|[P2P][Service] heartBeat,connected count=2
info|2023-10-20 00:32:37.357083|[P2P][Service] heartBeat,connected count=2
info|2023-10-20 00:32:47.358013|[P2P][Service] heartBeat,connected count=2
info|2023-10-20 00:32:57.358715|[P2P][Service] heartBeat,connected count=2
info|2023-10-20 00:33:07.358975|[P2P][Service] heartBeat,connected count=2
info|2023-10-20 00:33:17.359672|[P2P][Service] heartBeat,connected count=2
info|2023-10-20 00:33:27.360231|[P2P][Service] heartBeat,connected count=2
info|2023-10-20 00:33:37.360500|[P2P][Service] heartBeat,connected count=2
info|2023-10-20 00:33:47.360855|[P2P][Service] heartBeat,connected count=2
info|2023-10-20 00:33:57.361242|[P2P][Service] heartBeat,connected count=2
info|2023-10-20 00:34:07.361539|[P2P][Service] heartBeat,connected count=2
info|2023-10-20 00:34:17.362580|[P2P][Service] heartBeat,connected count=2
info|2023-10-20 00:34:27.363246|[P2P][Service] heartBeat,connected count=2
info|2023-10-20 00:34:37.363758|[P2P][Service] heartBeat,connected count=2
info|2023-10-20 00:34:47.364280|[P2P][Service] heartBeat,connected count=2
info|2023-10-20 00:34:57.364492|[P2P][Service] heartBeat,connected count=2
info|2023-10-20 00:35:07.365160|[P2P][Service] heartBeat,connected count=2
info|2023-10-20 00:35:17.365651|[P2P][Service] heartBeat,connected count=2
info|2023-10-20 00:35:27.366059|[P2P][Service] heartBeat,connected count=2
info|2023-10-20 00:35:37.366391|[P2P][Service] heartBeat,connected count=2
info|2023-10-20 00:35:47.367103|[P2P][Service] heartBeat,connected count=2
info|2023-10-20 00:35:57.367447|[P2P][Service] heartBeat,connected count=2
info|2023-10-20 00:36:07.368208|[P2P][Service] heartBeat,connected count=2
info|2023-10-20 00:36:17.368642|[P2P][Service] heartBeat,connected count=2
info|2023-10-20 00:36:27.369157|[P2P][Service] heartBeat,connected count=2
info|2023-10-20 00:36:37.369790|[P2P][Service] heartBeat,connected count=2
info|2023-10-20 00:36:47.370400|[P2P][Service] heartBeat,connected count=2
info|2023-10-20 00:36:57.370910|[P2P][Service] heartBeat,connected count=2
info|2023-10-20 00:37:07.371620|[P2P][Service] heartBeat,connected count=2
info|2023-10-20 00:37:17.372176|[P2P][Service] heartBeat,connected count=2
info|2023-10-20 00:37:27.372774|[P2P][Service] heartBeat,connected count=2
info|2023-10-20 00:37:37.372961|[P2P][Service] heartBeat,connected count=2
info|2023-10-20 00:37:47.373771|[P2P][Service] heartBeat,connected count=2
info|2023-10-20 00:37:57.374138|[P2P][Service] heartBeat,connected count=2
info|2023-10-20 00:38:07.374691|[P2P][Service] heartBeat,connected count=2
info|2023-10-20 00:38:17.375128|[P2P][Service] heartBeat,connected count=2
info|2023-10-20 00:38:27.375957|[P2P][Service] heartBeat,connected count=2
info|2023-10-20 00:38:37.376344|[P2P][Service] heartBeat,connected count=2
info|2023-10-20 00:38:47.376827|[P2P][Service] heartBeat,connected count=2
info|2023-10-20 00:38:57.377552|[P2P][Service] heartBeat,connected count=2
info|2023-10-20 00:39:07.377813|[P2P][Service] heartBeat,connected count=2
info|2023-10-20 00:39:17.378475|[P2P][Service] heartBeat,connected count=2
info|2023-10-20 00:39:27.378912|[P2P][Service] heartBeat,connected count=2
info|2023-10-20 00:39:37.380012|[P2P][Service] heartBeat,connected count=2
info|2023-10-20 00:39:47.380276|[P2P][Service] heartBeat,connected count=2
info|2023-10-20 00:39:57.380714|[P2P][Service] heartBeat,connected count=2
info|2023-10-20 00:40:07.381050|[P2P][Service] heartBeat,connected count=2
info|2023-10-20 00:40:17.382367|[P2P][Service] heartBeat,connected count=2
info|2023-10-20 00:40:27.382996|[P2P][Service] heartBeat,connected count=2
info|2023-10-20 00:40:37.383485|[P2P][Service] heartBeat,connected count=2
info|2023-10-20 00:40:47.383971|[P2P][Service] heartBeat,connected count=2
info|2023-10-20 00:40:57.384128|[P2P][Service] heartBeat,connected count=2
info|2023-10-20 00:41:07.384494|[P2P][Service] heartBeat,connected count=2
info|2023-10-20 00:41:17.384814|[P2P][Service] heartBeat,connected count=2
info|2023-10-20 00:41:27.385272|[P2P][Service] heartBeat,connected count=2
info|2023-10-20 00:41:37.385564|[P2P][Service] heartBeat,connected count=2
info|2023-10-20 00:41:47.386186|[P2P][Service] heartBeat,connected count=2
info|2023-10-20 00:41:57.387001|[P2P][Service] heartBeat,connected count=2
info|2023-10-20 00:42:07.387791|[P2P][Service] heartBeat,connected count=2
info|2023-10-20 00:42:17.388283|[P2P][Service] heartBeat,connected count=2
info|2023-10-20 00:42:27.388725|[P2P][Service] heartBeat,connected count=2
info|2023-10-20 00:42:37.389618|[P2P][Service] heartBeat,connected count=2
info|2023-10-20 00:42:47.390076|[P2P][Service] heartBeat,connected count=2
info|2023-10-20 00:42:57.390888|[P2P][Service] heartBeat,connected count=2
info|2023-10-20 00:43:07.391615|[P2P][Service] heartBeat,connected count=2
info|2023-10-20 00:43:17.392333|[P2P][Service] heartBeat,connected count=2
info|2023-10-20 00:43:27.392917|[P2P][Service] heartBeat,connected count=2
info|2023-10-20 00:43:37.393636|[P2P][Service] heartBeat,connected count=2
info|2023-10-20 00:43:47.394264|[P2P][Service] heartBeat,connected count=2
info|2023-10-20 00:43:57.394521|[P2P][Service] heartBeat,connected count=2
info|2023-10-20 00:44:07.395252|[P2P][Service] heartBeat,connected count=2
info|2023-10-20 00:44:17.396028|[P2P][Service] heartBeat,connected count=2
info|2023-10-20 00:44:27.396526|[P2P][Service] heartBeat,connected count=2
info|2023-10-20 00:44:37.396815|[P2P][Service] heartBeat,connected count=2
info|2023-10-20 00:44:47.397378|[P2P][Service] heartBeat,connected count=2
info|2023-10-20 00:44:57.398156|[P2P][Service] heartBeat,connected count=2
info|2023-10-20 00:45:07.398466|[P2P][Service] heartBeat,connected count=2
info|2023-10-20 00:45:17.399268|[P2P][Service] heartBeat,connected count=2
info|2023-10-20 00:45:27.399878|[P2P][Service] heartBeat,connected count=2
info|2023-10-20 00:45:37.400413|[P2P][Service] heartBeat,connected count=2
info|2023-10-20 00:45:47.401317|[P2P][Service] heartBeat,connected count=2
info|2023-10-20 00:45:57.402069|[P2P][Service] heartBeat,connected count=2
info|2023-10-20 00:46:07.402415|[P2P][Service] heartBeat,connected count=2
info|2023-10-20 00:46:17.403193|[P2P][Service] heartBeat,connected count=2
info|2023-10-20 00:46:27.403600|[P2P][Service] heartBeat,connected count=2
info|2023-10-20 00:46:37.404141|[P2P][Service] heartBeat,connected count=2
info|2023-10-20 00:46:47.404394|[P2P][Service] heartBeat,connected count=2
info|2023-10-20 00:46:57.405062|[P2P][Service] heartBeat,connected count=2
info|2023-10-20 00:47:07.405779|[P2P][Service] heartBeat,connected count=2
info|2023-10-20 00:47:17.406335|[P2P][Service] heartBeat,connected count=2
info|2023-10-20 00:47:27.406612|[P2P][Service] heartBeat,connected count=2
info|2023-10-20 00:47:37.407100|[P2P][Service] heartBeat,connected count=2
info|2023-10-20 00:47:47.408030|[P2P][Service] heartBeat,connected count=2
info|2023-10-20 00:47:57.408535|[P2P][Service] heartBeat,connected count=2
info|2023-10-20 00:48:07.409355|[P2P][Service] heartBeat,connected count=2
info|2023-10-20 00:48:17.409790|[P2P][Service] heartBeat,connected count=2
info|2023-10-20 00:48:27.410148|[P2P][Service] heartBeat,connected count=2
info|2023-10-20 00:48:37.410525|[P2P][Service] heartBeat,connected count=2
info|2023-10-20 00:48:47.411076|[P2P][Service] heartBeat,connected count=2
info|2023-10-20 00:48:57.411716|[P2P][Service] heartBeat,connected count=2
info|2023-10-20 00:49:07.412056|[P2P][Service] heartBeat,connected count=2
info|2023-10-20 00:49:17.412673|[P2P][Service] heartBeat,connected count=2
info|2023-10-20 00:49:27.413249|[P2P][Service] heartBeat,connected count=2
info|2023-10-20 00:49:37.413947|[P2P][Service] heartBeat,connected count=2
info|2023-10-20 00:49:47.414289|[P2P][Service] heartBeat,connected count=2
info|2023-10-20 00:49:57.414600|[P2P][Service] heartBeat,connected count=2
info|2023-10-20 00:50:07.414783|[P2P][Service] heartBeat,connected count=2
info|2023-10-20 00:50:17.415123|[P2P][Service] heartBeat,connected count=2
info|2023-10-20 00:50:27.415738|[P2P][Service] heartBeat,connected count=2
info|2023-10-20 00:50:37.416497|[P2P][Service] heartBeat,connected count=2
info|2023-10-20 00:50:47.417209|[P2P][Service] heartBeat,connected count=2
info|2023-10-20 00:50:57.417484|[P2P][Service] heartBeat,connected count=2
info|2023-10-20 00:51:07.417950|[P2P][Service] heartBeat,connected count=2
info|2023-10-20 00:51:17.418215|[P2P][Service] heartBeat,connected count=2
info|2023-10-20 00:51:27.418924|[P2P][Service] heartBeat,connected count=2
info|2023-10-20 00:51:37.419058|[P2P][Service] heartBeat,connected count=2
info|2023-10-20 00:51:47.419650|[P2P][Service] heartBeat,connected count=2
info|2023-10-20 00:51:57.420066|[P2P][Service] heartBeat,connected count=2
info|2023-10-20 00:52:07.420857|[P2P][Service] heartBeat,connected count=2
info|2023-10-20 00:52:17.421366|[P2P][Service] heartBeat,connected count=2
info|2023-10-20 00:52:27.422099|[P2P][Service] heartBeat,connected count=2
info|2023-10-20 00:52:37.422924|[P2P][Service] heartBeat,connected count=2
info|2023-10-20 00:52:47.423313|[P2P][Service] heartBeat,connected count=2
info|2023-10-20 00:52:57.423694|[P2P][Service] heartBeat,connected count=2
info|2023-10-20 00:53:07.424075|[P2P][Service] heartBeat,connected count=2
info|2023-10-20 00:53:17.424506|[P2P][Service] heartBeat,connected count=2
info|2023-10-20 00:53:27.425033|[P2P][Service] heartBeat,connected count=2
info|2023-10-20 00:53:37.425656|[P2P][Service] heartBeat,connected count=2
info|2023-10-20 00:53:47.426027|[P2P][Service] heartBeat,connected count=2
info|2023-10-20 00:53:57.426342|[P2P][Service] heartBeat,connected count=2
info|2023-10-20 00:54:07.426617|[P2P][Service] heartBeat,connected count=2
info|2023-10-20 00:54:17.427214|[P2P][Service] heartBeat,connected count=2
info|2023-10-20 00:54:27.427850|[P2P][Service] heartBeat,connected count=2
info|2023-10-20 00:54:37.428414|[P2P][Service] heartBeat,connected count=2
info|2023-10-20 00:54:47.428983|[P2P][Service] heartBeat,connected count=2
info|2023-10-20 00:54:57.429277|[P2P][Service] heartBeat,connected count=2
info|2023-10-20 00:55:07.429900|[P2P][Service] heartBeat,connected count=2
info|2023-10-20 00:55:17.430308|[P2P][Service] heartBeat,connected count=2
info|2023-10-20 00:55:27.430726|[P2P][Service] heartBeat,connected count=2
info|2023-10-20 00:55:37.431447|[P2P][Service] heartBeat,connected count=2
info|2023-10-20 00:55:47.432160|[P2P][Service] heartBeat,connected count=2
info|2023-10-20 00:55:57.432446|[P2P][Service] heartBeat,connected count=2
info|2023-10-20 00:56:07.432705|[P2P][Service] heartBeat,connected count=2
info|2023-10-20 00:56:17.433187|[P2P][Service] heartBeat,connected count=2
info|2023-10-20 00:56:27.434706|[P2P][Service] heartBeat,connected count=2
info|2023-10-20 00:56:37.435097|[P2P][Service] heartBeat,connected count=2
info|2023-10-20 00:56:47.435373|[P2P][Service] heartBeat,connected count=2
info|2023-10-20 00:56:57.435602|[P2P][Service] heartBeat,connected count=2
info|2023-10-20 00:57:07.436066|[P2P][Service] heartBeat,connected count=2
info|2023-10-20 00:57:17.436677|[P2P][Service] heartBeat,connected count=2
info|2023-10-20 00:57:27.437131|[P2P][Service] heartBeat,connected count=2
info|2023-10-20 00:57:37.437432|[P2P][Service] heartBeat,connected count=2
info|2023-10-20 00:57:47.438249|[P2P][Service] heartBeat,connected count=2
info|2023-10-20 00:57:57.438876|[P2P][Service] heartBeat,connected count=2
info|2023-10-20 00:58:07.439940|[P2P][Service] heartBeat,connected count=2
info|2023-10-20 00:58:17.440654|[P2P][Service] heartBeat,connected count=2
info|2023-10-20 00:58:27.441293|[P2P][Service] heartBeat,connected count=2
info|2023-10-20 00:58:37.441604|[P2P][Service] heartBeat,connected count=2
info|2023-10-20 00:58:47.442192|[P2P][Service] heartBeat,connected count=2
info|2023-10-20 00:58:57.442513|[P2P][Service] heartBeat,connected count=2
info|2023-10-20 00:59:07.443148|[P2P][Service] heartBeat,connected count=2
info|2023-10-20 00:59:17.443932|[P2P][Service] heartBeat,connected count=2
info|2023-10-20 00:59:27.444821|[P2P][Service] heartBeat,connected count=2
info|2023-10-20 00:59:37.445349|[P2P][Service] heartBeat,connected count=2
info|2023-10-20 00:59:47.446226|[P2P][Service] heartBeat,connected count=2
info|2023-10-20 00:59:57.446922|[P2P][Service] heartBeat,connected count=2
