info|2023-10-24 20:00:06.387461|[P2P][Service] heartBeat,connected count=2
info|2023-10-24 20:00:16.388261|[P2P][Service] heartBeat,connected count=2
info|2023-10-24 20:00:26.389039|[P2P][Service] heartBeat,connected count=2
info|2023-10-24 20:00:36.389482|[P2P][Service] heartBeat,connected count=2
info|2023-10-24 20:00:46.389721|[P2P][Service] heartBeat,connected count=2
info|2023-10-24 20:00:56.390811|[P2P][Service] heartBeat,connected count=2
info|2023-10-24 20:01:06.391021|[P2P][Service] heartBeat,connected count=2
info|2023-10-24 20:01:16.391790|[P2P][Service] heartBeat,connected count=2
info|2023-10-24 20:01:26.392422|[P2P][Service] heartBeat,connected count=2
info|2023-10-24 20:01:36.393105|[P2P][Service] heartBeat,connected count=2
info|2023-10-24 20:01:46.393690|[P2P][Service] heartBeat,connected count=2
info|2023-10-24 20:01:56.394344|[P2P][Service] heartBeat,connected count=2
info|2023-10-24 20:02:06.394950|[P2P][Service] heartBeat,connected count=2
info|2023-10-24 20:02:16.395649|[P2P][Service] heartBeat,connected count=2
info|2023-10-24 20:02:26.396138|[P2P][Service] heartBeat,connected count=2
info|2023-10-24 20:02:36.396418|[P2P][Service] heartBeat,connected count=2
info|2023-10-24 20:02:46.397153|[P2P][Service] heartBeat,connected count=2
info|2023-10-24 20:02:56.397542|[P2P][Service] heartBeat,connected count=2
info|2023-10-24 20:03:06.397939|[P2P][Service] heartBeat,connected count=2
info|2023-10-24 20:03:16.398541|[P2P][Service] heartBeat,connected count=2
info|2023-10-24 20:03:26.399025|[P2P][Service] heartBeat,connected count=2
info|2023-10-24 20:03:36.399694|[P2P][Service] heartBeat,connected count=2
info|2023-10-24 20:03:46.399960|[P2P][Service] heartBeat,connected count=2
info|2023-10-24 20:03:56.400406|[P2P][Service] heartBeat,connected count=2
info|2023-10-24 20:04:06.400968|[P2P][Service] heartBeat,connected count=2
info|2023-10-24 20:04:16.401515|[P2P][Service] heartBeat,connected count=2
info|2023-10-24 20:04:26.402435|[P2P][Service] heartBeat,connected count=2
info|2023-10-24 20:04:36.402608|[P2P][Service] heartBeat,connected count=2
info|2023-10-24 20:04:46.402896|[P2P][Service] heartBeat,connected count=2
info|2023-10-24 20:04:56.403209|[P2P][Service] heartBeat,connected count=2
info|2023-10-24 20:05:06.403805|[P2P][Service] heartBeat,connected count=2
info|2023-10-24 20:05:16.404666|[P2P][Service] heartBeat,connected count=2
info|2023-10-24 20:05:26.405512|[P2P][Service] heartBeat,connected count=2
info|2023-10-24 20:05:36.405822|[P2P][Service] heartBeat,connected count=2
info|2023-10-24 20:05:46.406232|[P2P][Service] heartBeat,connected count=2
info|2023-10-24 20:05:56.407056|[P2P][Service] heartBeat,connected count=2
info|2023-10-24 20:06:06.407391|[P2P][Service] heartBeat,connected count=2
info|2023-10-24 20:06:16.408063|[P2P][Service] heartBeat,connected count=2
info|2023-10-24 20:06:26.408725|[P2P][Service] heartBeat,connected count=2
info|2023-10-24 20:06:36.409382|[P2P][Service] heartBeat,connected count=2
info|2023-10-24 20:06:46.409670|[P2P][Service] heartBeat,connected count=2
info|2023-10-24 20:06:56.410008|[P2P][Service] heartBeat,connected count=2
info|2023-10-24 20:07:06.410609|[P2P][Service] heartBeat,connected count=2
info|2023-10-24 20:07:16.411103|[P2P][Service] heartBeat,connected count=2
info|2023-10-24 20:07:26.411590|[P2P][Service] heartBeat,connected count=2
info|2023-10-24 20:07:36.412232|[P2P][Service] heartBeat,connected count=2
info|2023-10-24 20:07:46.412625|[P2P][Service] heartBeat,connected count=2
info|2023-10-24 20:07:56.413246|[P2P][Service] heartBeat,connected count=2
info|2023-10-24 20:08:06.414598|[P2P][Service] heartBeat,connected count=2
info|2023-10-24 20:08:16.415371|[P2P][Service] heartBeat,connected count=2
info|2023-10-24 20:08:26.415738|[P2P][Service] heartBeat,connected count=2
info|2023-10-24 20:08:36.416500|[P2P][Service] heartBeat,connected count=2
info|2023-10-24 20:08:46.416998|[P2P][Service] heartBeat,connected count=2
info|2023-10-24 20:08:56.417754|[P2P][Service] heartBeat,connected count=2
info|2023-10-24 20:09:06.418605|[P2P][Service] heartBeat,connected count=2
info|2023-10-24 20:09:16.419054|[P2P][Service] heartBeat,connected count=2
info|2023-10-24 20:09:26.419411|[P2P][Service] heartBeat,connected count=2
info|2023-10-24 20:09:36.419897|[P2P][Service] heartBeat,connected count=2
info|2023-10-24 20:09:46.420252|[P2P][Service] heartBeat,connected count=2
info|2023-10-24 20:09:56.420863|[P2P][Service] heartBeat,connected count=2
info|2023-10-24 20:10:06.421179|[P2P][Service] heartBeat,connected count=2
info|2023-10-24 20:10:16.421667|[P2P][Service] heartBeat,connected count=2
info|2023-10-24 20:10:26.421990|[P2P][Service] heartBeat,connected count=2
info|2023-10-24 20:10:36.422647|[P2P][Service] heartBeat,connected count=2
info|2023-10-24 20:10:38.250398|[LEDGER]stop sealer,groupID=1
info|2023-10-24 20:10:38.250439|[CONSENSUS][SEALER]Stop sealer module...
info|2023-10-24 20:10:38.254681|[CONSENSUS][ConsensusEngine][Stop ConsensusEngineBase]
info|2023-10-24 20:10:38.258726|[CONSENSUS][ConsensusEngine]ConsensusEngineBase stopped
info|2023-10-24 20:10:38.258763|[LEDGER]sealer stopped. stop sync,groupID=1
info|2023-10-24 20:10:38.259552|[g:1] [SYNC][id:7b5d067e...]SyncMsgEngine stopped
info|2023-10-24 20:10:38.400745|[GossipBlockStatus]stop GossipBlockStatus succ
info|2023-10-24 20:10:39.327836|[SYNC][id:7b5d067e...][g:1]SyncMaster stopped
info|2023-10-24 20:10:39.327887|[LEDGER]sync stopped. stop event filter manager,groupID=1
info|2023-10-24 20:10:39.419203|[EVENT][EventLogFilterManager]stop
info|2023-10-24 20:10:39.419258|[LEDGER]event filter manager stopped. stop tx pool,groupID=1
info|2023-10-24 20:10:39.420329|[LEDGER]removeNetworkStatHandlerByGroupID and removeGroupBandwidthLimiter for service,groupID=1
info|2023-10-24 20:10:39.420380|[CHANNEL]removeSDKAllowListByGroupId,groupId=1
info|2023-10-24 20:10:39.420391|[INITIALIZER]ledgerInitializer stopped
info|2023-10-24 20:10:40.421671|[INITIALIZER]ChannelRPCHttpServer deleted.
info|2023-10-24 20:10:40.422559|[INITIALIZER]JsonrpcHttpServer deleted.
info|2023-10-24 20:10:40.422762|[INITIALIZER]RPCInitializer stopped
error|2023-10-24 20:10:40.422990|[NETWORK][Host]Error: system:125
info|2023-10-24 20:10:40.423406|[NETWORK][Host]Host exit
info|2023-10-24 20:10:40.426955|[INITIALIZER]P2PInitializer stopped
info|2023-10-24 20:10:40.426966|[LEDGER]stop sealer,groupID=1
info|2023-10-24 20:10:40.426972|[LEDGER]sealer stopped. stop sync,groupID=1
info|2023-10-24 20:10:40.426980|[g:1] [SYNC][id:7b5d067e...]SyncMsgEngine stopped
info|2023-10-24 20:10:40.426989|[GossipBlockStatus]GossipBlockStatus already stopped
info|2023-10-24 20:10:40.426993|[SYNC][id:7b5d067e...][g:1]SyncMaster stopped
info|2023-10-24 20:10:40.426997|[LEDGER]sync stopped. stop event filter manager,groupID=1
info|2023-10-24 20:10:40.427001|[LEDGER]event filter manager stopped. stop tx pool,groupID=1
info|2023-10-24 20:10:40.427007|[LEDGER]removeNetworkStatHandlerByGroupID and removeGroupBandwidthLimiter for service,groupID=1
info|2023-10-24 20:10:40.427015|[g:1][STORAGE][CachedStorage]Stopping flushStorage thread
info|2023-10-24 20:10:41.080585|[g:1][STORAGE][CachedStorage]flushStorage thread stopped.
info|2023-10-24 20:10:41.080685|[DBINITIALIZER] storage stopped
info|2023-10-24 20:10:41.082177|[g:1] [SYNC][id:7b5d067e...]SyncMsgEngine stopped
info|2023-10-24 20:10:41.082198|[GossipBlockStatus]GossipBlockStatus already stopped
info|2023-10-24 20:10:41.082204|[SYNC][id:7b5d067e...][g:1]SyncMaster stopped
info|2023-10-24 20:10:41.082225|[g:1] [SYNC][id:7b5d067e...]SyncMsgEngine stopped
