info|2023-10-20 01:00:07.447405|[P2P][Service] heartBeat,connected count=2
info|2023-10-20 01:00:17.448054|[P2P][Service] heartBeat,connected count=2
info|2023-10-20 01:00:27.448443|[P2P][Service] heartBeat,connected count=2
info|2023-10-20 01:00:37.448797|[P2P][Service] heartBeat,connected count=2
info|2023-10-20 01:00:47.449308|[P2P][Service] heartBeat,connected count=2
info|2023-10-20 01:00:57.449901|[P2P][Service] heartBeat,connected count=2
info|2023-10-20 01:01:07.450420|[P2P][Service] heartBeat,connected count=2
info|2023-10-20 01:01:17.451153|[P2P][Service] heartBeat,connected count=2
info|2023-10-20 01:01:27.451662|[P2P][Service] heartBeat,connected count=2
info|2023-10-20 01:01:37.452326|[P2P][Service] heartBeat,connected count=2
info|2023-10-20 01:01:47.452592|[P2P][Service] heartBeat,connected count=2
info|2023-10-20 01:01:57.453041|[P2P][Service] heartBeat,connected count=2
info|2023-10-20 01:02:07.453285|[P2P][Service] heartBeat,connected count=2
info|2023-10-20 01:02:17.453965|[P2P][Service] heartBeat,connected count=2
info|2023-10-20 01:02:27.454478|[P2P][Service] heartBeat,connected count=2
info|2023-10-20 01:02:37.454972|[P2P][Service] heartBeat,connected count=2
info|2023-10-20 01:02:47.455183|[P2P][Service] heartBeat,connected count=2
info|2023-10-20 01:02:57.455577|[P2P][Service] heartBeat,connected count=2
info|2023-10-20 01:03:07.456436|[P2P][Service] heartBeat,connected count=2
info|2023-10-20 01:03:17.457031|[P2P][Service] heartBeat,connected count=2
info|2023-10-20 01:03:27.457758|[P2P][Service] heartBeat,connected count=2
info|2023-10-20 01:03:37.458495|[P2P][Service] heartBeat,connected count=2
info|2023-10-20 01:03:47.459204|[P2P][Service] heartBeat,connected count=2
info|2023-10-20 01:03:57.459442|[P2P][Service] heartBeat,connected count=2
info|2023-10-20 01:04:07.459709|[P2P][Service] heartBeat,connected count=2
info|2023-10-20 01:04:17.460042|[P2P][Service] heartBeat,connected count=2
info|2023-10-20 01:04:27.460318|[P2P][Service] heartBeat,connected count=2
info|2023-10-20 01:04:37.461139|[P2P][Service] heartBeat,connected count=2
info|2023-10-20 01:04:47.461442|[P2P][Service] heartBeat,connected count=2
info|2023-10-20 01:04:57.461949|[P2P][Service] heartBeat,connected count=2
info|2023-10-20 01:05:07.462828|[P2P][Service] heartBeat,connected count=2
info|2023-10-20 01:05:17.464168|[P2P][Service] heartBeat,connected count=2
info|2023-10-20 01:05:27.464897|[P2P][Service] heartBeat,connected count=2
info|2023-10-20 01:05:37.465193|[P2P][Service] heartBeat,connected count=2
info|2023-10-20 01:05:47.466016|[P2P][Service] heartBeat,connected count=2
info|2023-10-20 01:05:57.466503|[P2P][Service] heartBeat,connected count=2
info|2023-10-20 01:06:07.467175|[P2P][Service] heartBeat,connected count=2
info|2023-10-20 01:06:17.467582|[P2P][Service] heartBeat,connected count=2
info|2023-10-20 01:06:27.468119|[P2P][Service] heartBeat,connected count=2
info|2023-10-20 01:06:37.468645|[P2P][Service] heartBeat,connected count=2
info|2023-10-20 01:06:47.469027|[P2P][Service] heartBeat,connected count=2
info|2023-10-20 01:06:57.469296|[P2P][Service] heartBeat,connected count=2
info|2023-10-20 01:07:07.469802|[P2P][Service] heartBeat,connected count=2
info|2023-10-20 01:07:17.470246|[P2P][Service] heartBeat,connected count=2
info|2023-10-20 01:07:27.471166|[P2P][Service] heartBeat,connected count=2
info|2023-10-20 01:07:37.471804|[P2P][Service] heartBeat,connected count=2
info|2023-10-20 01:07:47.472588|[P2P][Service] heartBeat,connected count=2
info|2023-10-20 01:07:57.473241|[P2P][Service] heartBeat,connected count=2
info|2023-10-20 01:08:07.473689|[P2P][Service] heartBeat,connected count=2
info|2023-10-20 01:08:17.474322|[P2P][Service] heartBeat,connected count=2
info|2023-10-20 01:08:27.474768|[P2P][Service] heartBeat,connected count=2
info|2023-10-20 01:08:37.475113|[P2P][Service] heartBeat,connected count=2
info|2023-10-20 01:08:47.475716|[P2P][Service] heartBeat,connected count=2
info|2023-10-20 01:08:57.476082|[P2P][Service] heartBeat,connected count=2
info|2023-10-20 01:09:07.476321|[P2P][Service] heartBeat,connected count=2
info|2023-10-20 01:09:17.476577|[P2P][Service] heartBeat,connected count=2
info|2023-10-20 01:09:27.476953|[P2P][Service] heartBeat,connected count=2
info|2023-10-20 01:09:37.477485|[P2P][Service] heartBeat,connected count=2
info|2023-10-20 01:09:47.477850|[P2P][Service] heartBeat,connected count=2
info|2023-10-20 01:09:57.478129|[P2P][Service] heartBeat,connected count=2
info|2023-10-20 01:10:07.478326|[P2P][Service] heartBeat,connected count=2
info|2023-10-20 01:10:17.478898|[P2P][Service] heartBeat,connected count=2
info|2023-10-20 01:10:27.479379|[P2P][Service] heartBeat,connected count=2
info|2023-10-20 01:10:37.480021|[P2P][Service] heartBeat,connected count=2
info|2023-10-20 01:10:47.480622|[P2P][Service] heartBeat,connected count=2
info|2023-10-20 01:10:57.480974|[P2P][Service] heartBeat,connected count=2
info|2023-10-20 01:11:07.481519|[P2P][Service] heartBeat,connected count=2
info|2023-10-20 01:11:17.481743|[P2P][Service] heartBeat,connected count=2
info|2023-10-20 01:11:27.482156|[P2P][Service] heartBeat,connected count=2
info|2023-10-20 01:11:37.482829|[P2P][Service] heartBeat,connected count=2
info|2023-10-20 01:11:47.482951|[P2P][Service] heartBeat,connected count=2
info|2023-10-20 01:11:57.483461|[P2P][Service] heartBeat,connected count=2
info|2023-10-20 01:12:07.483721|[P2P][Service] heartBeat,connected count=2
info|2023-10-20 01:12:17.484070|[P2P][Service] heartBeat,connected count=2
info|2023-10-20 01:12:27.484713|[P2P][Service] heartBeat,connected count=2
info|2023-10-20 01:12:37.485640|[P2P][Service] heartBeat,connected count=2
info|2023-10-20 01:12:47.486010|[P2P][Service] heartBeat,connected count=2
info|2023-10-20 01:12:57.486332|[P2P][Service] heartBeat,connected count=2
info|2023-10-20 01:13:07.486952|[P2P][Service] heartBeat,connected count=2
info|2023-10-20 01:13:17.487370|[P2P][Service] heartBeat,connected count=2
info|2023-10-20 01:13:27.487789|[P2P][Service] heartBeat,connected count=2
info|2023-10-20 01:13:37.488584|[P2P][Service] heartBeat,connected count=2
info|2023-10-20 01:13:47.489232|[P2P][Service] heartBeat,connected count=2
info|2023-10-20 01:13:57.489708|[P2P][Service] heartBeat,connected count=2
info|2023-10-20 01:14:07.489905|[P2P][Service] heartBeat,connected count=2
info|2023-10-20 01:14:17.490483|[P2P][Service] heartBeat,connected count=2
info|2023-10-20 01:14:27.490790|[P2P][Service] heartBeat,connected count=2
info|2023-10-20 01:14:37.491177|[P2P][Service] heartBeat,connected count=2
info|2023-10-20 01:14:47.491987|[P2P][Service] heartBeat,connected count=2
info|2023-10-20 01:14:57.492642|[P2P][Service] heartBeat,connected count=2
info|2023-10-20 01:15:07.493304|[P2P][Service] heartBeat,connected count=2
info|2023-10-20 01:15:17.493882|[P2P][Service] heartBeat,connected count=2
info|2023-10-20 01:15:27.494231|[P2P][Service] heartBeat,connected count=2
info|2023-10-20 01:15:37.494546|[P2P][Service] heartBeat,connected count=2
info|2023-10-20 01:15:47.495310|[P2P][Service] heartBeat,connected count=2
info|2023-10-20 01:15:57.496038|[P2P][Service] heartBeat,connected count=2
info|2023-10-20 01:16:07.496430|[P2P][Service] heartBeat,connected count=2
info|2023-10-20 01:16:17.496806|[P2P][Service] heartBeat,connected count=2
info|2023-10-20 01:16:27.497519|[P2P][Service] heartBeat,connected count=2
info|2023-10-20 01:16:37.498219|[P2P][Service] heartBeat,connected count=2
info|2023-10-20 01:16:47.498680|[P2P][Service] heartBeat,connected count=2
info|2023-10-20 01:16:57.499811|[P2P][Service] heartBeat,connected count=2
info|2023-10-20 01:17:07.500714|[P2P][Service] heartBeat,connected count=2
info|2023-10-20 01:17:17.501110|[P2P][Service] heartBeat,connected count=2
info|2023-10-20 01:17:27.501410|[P2P][Service] heartBeat,connected count=2
info|2023-10-20 01:17:37.501672|[P2P][Service] heartBeat,connected count=2
info|2023-10-20 01:17:47.502087|[P2P][Service] heartBeat,connected count=2
info|2023-10-20 01:17:57.502600|[P2P][Service] heartBeat,connected count=2
info|2023-10-20 01:18:07.503955|[P2P][Service] heartBeat,connected count=2
info|2023-10-20 01:18:17.504746|[P2P][Service] heartBeat,connected count=2
info|2023-10-20 01:18:27.505340|[P2P][Service] heartBeat,connected count=2
info|2023-10-20 01:18:37.505566|[P2P][Service] heartBeat,connected count=2
info|2023-10-20 01:18:47.505818|[P2P][Service] heartBeat,connected count=2
info|2023-10-20 01:18:57.506598|[P2P][Service] heartBeat,connected count=2
info|2023-10-20 01:19:07.507592|[P2P][Service] heartBeat,connected count=2
info|2023-10-20 01:19:17.508323|[P2P][Service] heartBeat,connected count=2
info|2023-10-20 01:19:27.508657|[P2P][Service] heartBeat,connected count=2
info|2023-10-20 01:19:37.508819|[P2P][Service] heartBeat,connected count=2
info|2023-10-20 01:19:47.509238|[P2P][Service] heartBeat,connected count=2
info|2023-10-20 01:19:57.509929|[P2P][Service] heartBeat,connected count=2
info|2023-10-20 01:20:07.510541|[P2P][Service] heartBeat,connected count=2
info|2023-10-20 01:20:17.510806|[P2P][Service] heartBeat,connected count=2
info|2023-10-20 01:20:27.511224|[P2P][Service] heartBeat,connected count=2
info|2023-10-20 01:20:37.512070|[P2P][Service] heartBeat,connected count=2
info|2023-10-20 01:20:47.512339|[P2P][Service] heartBeat,connected count=2
info|2023-10-20 01:20:57.513231|[P2P][Service] heartBeat,connected count=2
info|2023-10-20 01:21:07.513785|[P2P][Service] heartBeat,connected count=2
info|2023-10-20 01:21:17.514192|[P2P][Service] heartBeat,connected count=2
info|2023-10-20 01:21:27.514828|[P2P][Service] heartBeat,connected count=2
info|2023-10-20 01:21:37.515552|[P2P][Service] heartBeat,connected count=2
info|2023-10-20 01:21:47.516370|[P2P][Service] heartBeat,connected count=2
info|2023-10-20 01:21:57.517079|[P2P][Service] heartBeat,connected count=2
info|2023-10-20 01:22:07.517554|[P2P][Service] heartBeat,connected count=2
info|2023-10-20 01:22:17.518306|[P2P][Service] heartBeat,connected count=2
info|2023-10-20 01:22:27.519145|[P2P][Service] heartBeat,connected count=2
info|2023-10-20 01:22:37.519362|[P2P][Service] heartBeat,connected count=2
info|2023-10-20 01:22:47.520710|[P2P][Service] heartBeat,connected count=2
info|2023-10-20 01:22:57.521090|[P2P][Service] heartBeat,connected count=2
info|2023-10-20 01:23:07.521894|[P2P][Service] heartBeat,connected count=2
info|2023-10-20 01:23:17.522147|[P2P][Service] heartBeat,connected count=2
info|2023-10-20 01:23:27.522582|[P2P][Service] heartBeat,connected count=2
info|2023-10-20 01:23:37.523212|[P2P][Service] heartBeat,connected count=2
info|2023-10-20 01:23:47.523617|[P2P][Service] heartBeat,connected count=2
info|2023-10-20 01:23:57.524289|[P2P][Service] heartBeat,connected count=2
info|2023-10-20 01:24:07.524533|[P2P][Service] heartBeat,connected count=2
info|2023-10-20 01:24:17.524925|[P2P][Service] heartBeat,connected count=2
info|2023-10-20 01:24:27.525479|[P2P][Service] heartBeat,connected count=2
info|2023-10-20 01:24:37.525890|[P2P][Service] heartBeat,connected count=2
info|2023-10-20 01:24:47.526670|[P2P][Service] heartBeat,connected count=2
info|2023-10-20 01:24:57.527417|[P2P][Service] heartBeat,connected count=2
info|2023-10-20 01:25:07.527958|[P2P][Service] heartBeat,connected count=2
info|2023-10-20 01:25:17.528657|[P2P][Service] heartBeat,connected count=2
info|2023-10-20 01:25:27.529009|[P2P][Service] heartBeat,connected count=2
info|2023-10-20 01:25:37.529690|[P2P][Service] heartBeat,connected count=2
info|2023-10-20 01:25:47.530379|[P2P][Service] heartBeat,connected count=2
info|2023-10-20 01:25:57.530569|[P2P][Service] heartBeat,connected count=2
info|2023-10-20 01:26:07.531217|[P2P][Service] heartBeat,connected count=2
info|2023-10-20 01:26:17.531635|[P2P][Service] heartBeat,connected count=2
info|2023-10-20 01:26:27.532715|[P2P][Service] heartBeat,connected count=2
info|2023-10-20 01:26:37.533246|[P2P][Service] heartBeat,connected count=2
info|2023-10-20 01:26:47.534171|[P2P][Service] heartBeat,connected count=2
info|2023-10-20 01:26:57.534410|[P2P][Service] heartBeat,connected count=2
info|2023-10-20 01:27:07.534748|[P2P][Service] heartBeat,connected count=2
info|2023-10-20 01:27:17.535135|[P2P][Service] heartBeat,connected count=2
info|2023-10-20 01:27:27.536168|[P2P][Service] heartBeat,connected count=2
info|2023-10-20 01:27:37.536926|[P2P][Service] heartBeat,connected count=2
info|2023-10-20 01:27:47.537809|[P2P][Service] heartBeat,connected count=2
info|2023-10-20 01:27:57.538341|[P2P][Service] heartBeat,connected count=2
info|2023-10-20 01:28:07.539227|[P2P][Service] heartBeat,connected count=2
info|2023-10-20 01:28:17.539569|[P2P][Service] heartBeat,connected count=2
info|2023-10-20 01:28:27.539795|[P2P][Service] heartBeat,connected count=2
info|2023-10-20 01:28:37.540282|[P2P][Service] heartBeat,connected count=2
info|2023-10-20 01:28:47.540811|[P2P][Service] heartBeat,connected count=2
info|2023-10-20 01:28:57.540994|[P2P][Service] heartBeat,connected count=2
info|2023-10-20 01:29:07.541555|[P2P][Service] heartBeat,connected count=2
info|2023-10-20 01:29:17.542015|[P2P][Service] heartBeat,connected count=2
info|2023-10-20 01:29:27.542229|[P2P][Service] heartBeat,connected count=2
info|2023-10-20 01:29:37.542466|[P2P][Service] heartBeat,connected count=2
info|2023-10-20 01:29:47.542828|[P2P][Service] heartBeat,connected count=2
info|2023-10-20 01:29:57.543109|[P2P][Service] heartBeat,connected count=2
info|2023-10-20 01:30:07.543754|[P2P][Service] heartBeat,connected count=2
info|2023-10-20 01:30:17.544018|[P2P][Service] heartBeat,connected count=2
info|2023-10-20 01:30:27.544151|[P2P][Service] heartBeat,connected count=2
info|2023-10-20 01:30:37.544545|[P2P][Service] heartBeat,connected count=2
info|2023-10-20 01:30:47.544917|[P2P][Service] heartBeat,connected count=2
info|2023-10-20 01:30:57.546345|[P2P][Service] heartBeat,connected count=2
info|2023-10-20 01:31:07.546839|[P2P][Service] heartBeat,connected count=2
info|2023-10-20 01:31:17.547441|[P2P][Service] heartBeat,connected count=2
info|2023-10-20 01:31:27.547897|[P2P][Service] heartBeat,connected count=2
info|2023-10-20 01:31:37.548264|[P2P][Service] heartBeat,connected count=2
info|2023-10-20 01:31:47.548640|[P2P][Service] heartBeat,connected count=2
info|2023-10-20 01:31:57.549087|[P2P][Service] heartBeat,connected count=2
warning|2023-10-20 01:47:55.258962|[NETWORK][Session]doRead error,endpoint=127.0.0.1:30300,message=short read
info|2023-10-20 01:47:55.259011|[NETWORK][Session]drop, call and erase all callbackFunc in this session!,endpoint=127.0.0.1:30300
warning|2023-10-20 01:47:55.259025|[NETWORK][Session][drop] closing remote 127.0.0.1:30300,reason=Low-level TCP communication error.,endpoint=127.0.0.1:30300
warning|2023-10-20 01:47:55.259178|[NETWORK][Session]doRead error,endpoint=127.0.0.1:30301,message=short read
info|2023-10-20 01:47:55.259186|[NETWORK][Session]drop, call and erase all callbackFunc in this session!,endpoint=127.0.0.1:30301
warning|2023-10-20 01:47:55.259193|[NETWORK][Session][drop] closing remote 127.0.0.1:30301,reason=Low-level TCP communication error.,endpoint=127.0.0.1:30301
info|2023-10-20 01:47:55.259230|[P2P][Service] heartBeat,connected count=2
error|2023-10-20 01:47:55.259252|[NETWORK][Session]Session inactived
error|2023-10-20 01:47:55.259256|[NETWORK][Session]Session inactived
error|2023-10-20 01:47:55.259260|[NETWORK][Session]Session inactived
warning|2023-10-20 01:47:55.259263|[NETWORK][Session][drop] shutdown failed ,errorValue=9,message=Bad file descriptor
error|2023-10-20 01:47:55.259278|[NETWORK][Session]Session inactived
warning|2023-10-20 01:47:55.259299|[NETWORK][Session][drop] shutdown failed ,errorValue=9,message=Bad file descriptor
warning|2023-10-20 01:47:55.272164|[P2P][Service] disconnect error P2PSession,nodeID=604bffed...,endpoint=127.0.0.1:30301,errorCode=3,what=Disconnect
warning|2023-10-20 01:47:55.272587|[P2P][Service] disconnect error P2PSession,nodeID=e7ccba2c...,endpoint=127.0.0.1:30300,errorCode=3,what=Disconnect
warning|2023-10-20 01:47:55.272617|[P2P][Service] onDisconnect,errorCode=3,what=Dynamic exception type: dev::network::NetworkException
std::exception::what: Disconnect

warning|2023-10-20 01:47:55.273413|[P2P][Service] onDisconnect,errorCode=3,what=Dynamic exception type: dev::network::NetworkException
std::exception::what: Disconnect

info|2023-10-20 01:48:05.259679|[NETWORK][Host]Connecting to node,endpoint=127.0.0.1:30300
info|2023-10-20 01:48:05.259959|[NETWORK][Host]Connecting to node,endpoint=127.0.0.1:30301
info|2023-10-20 01:48:05.260159|[P2P][Service] heartBeat,connected count=0
info|2023-10-20 01:48:05.260227|[NETWORK][ASIO]asyncResolveConnect,endpoint=127.0.0.1:30300
info|2023-10-20 01:48:05.273223|[NETWORK][ASIO]asyncResolveConnect,endpoint=127.0.0.1:30301
error|2023-10-20 01:48:05.273500|[NETWORK][Host]Get ca basic failed
error|2023-10-20 01:48:05.281969|[NETWORK][Host]Get ca basic failed
info|2023-10-20 01:48:05.287008|[NETWORK][Host]handshakeClient succ,local endpoint=127.0.0.1:46124
info|2023-10-20 01:48:05.287142|[NETWORK][Host]startPeerSession, Remote=127.0.0.1:30300,local endpoint=127.0.0.1:46124,nodeID=e7ccba2c...
info|2023-10-20 01:48:05.289238|[P2P][Service] Connection established,nodeID=e7ccba2c...,endpoint=127.0.0.1:30300
info|2023-10-20 01:48:05.299086|[NETWORK][Host]handshakeClient succ,local endpoint=127.0.0.1:57348
info|2023-10-20 01:48:05.299158|[NETWORK][Host]startPeerSession, Remote=127.0.0.1:30301,local endpoint=127.0.0.1:57348,nodeID=604bffed...
info|2023-10-20 01:48:05.299245|[P2P][Service] Connection established,nodeID=604bffed...,endpoint=127.0.0.1:30301
info|2023-10-20 01:48:05.299253|[NETWORK][Session]Received topic: [2	_block_notify_1	_block_notify_2] from e7ccba2c03cbae1d94cb4eee8113f99e91e1c766c0bcb9ea229120a9c5522250ab2b6c7d7531e3484b24ca9e3ad045341ea84d9c2aa70b87a00dca51bc889f2a
info|2023-10-20 01:48:15.260647|[P2P][Service] heartBeat,connected count=2
info|2023-10-20 01:48:25.261053|[P2P][Service] heartBeat,connected count=2
info|2023-10-20 01:48:35.261764|[P2P][Service] heartBeat,connected count=2
info|2023-10-20 01:48:45.262339|[P2P][Service] heartBeat,connected count=2
info|2023-10-20 01:48:55.262820|[P2P][Service] heartBeat,connected count=2
info|2023-10-20 01:49:05.263659|[P2P][Service] heartBeat,connected count=2
info|2023-10-20 01:49:15.263834|[P2P][Service] heartBeat,connected count=2
info|2023-10-20 01:49:25.264594|[P2P][Service] heartBeat,connected count=2
info|2023-10-20 01:49:35.265164|[P2P][Service] heartBeat,connected count=2
info|2023-10-20 01:49:45.265395|[P2P][Service] heartBeat,connected count=2
info|2023-10-20 01:49:55.266172|[P2P][Service] heartBeat,connected count=2
info|2023-10-20 01:50:05.266872|[P2P][Service] heartBeat,connected count=2
info|2023-10-20 01:50:15.267291|[P2P][Service] heartBeat,connected count=2
info|2023-10-20 01:50:25.267627|[P2P][Service] heartBeat,connected count=2
info|2023-10-20 01:50:35.268317|[P2P][Service] heartBeat,connected count=2
info|2023-10-20 01:50:45.268620|[P2P][Service] heartBeat,connected count=2
info|2023-10-20 01:50:55.269134|[P2P][Service] heartBeat,connected count=2
info|2023-10-20 01:51:05.269512|[P2P][Service] heartBeat,connected count=2
info|2023-10-20 01:51:15.270039|[P2P][Service] heartBeat,connected count=2
info|2023-10-20 01:51:25.270346|[P2P][Service] heartBeat,connected count=2
info|2023-10-20 01:51:35.270861|[P2P][Service] heartBeat,connected count=2
info|2023-10-20 01:51:45.271628|[P2P][Service] heartBeat,connected count=2
info|2023-10-20 01:51:55.272150|[P2P][Service] heartBeat,connected count=2
info|2023-10-20 01:52:05.273937|[P2P][Service] heartBeat,connected count=2
info|2023-10-20 01:52:15.274141|[P2P][Service] heartBeat,connected count=2
info|2023-10-20 01:52:25.274482|[P2P][Service] heartBeat,connected count=2
info|2023-10-20 01:52:35.274630|[P2P][Service] heartBeat,connected count=2
info|2023-10-20 01:52:45.275137|[P2P][Service] heartBeat,connected count=2
info|2023-10-20 01:52:55.275552|[P2P][Service] heartBeat,connected count=2
info|2023-10-20 01:53:05.276133|[P2P][Service] heartBeat,connected count=2
info|2023-10-20 01:53:15.276927|[P2P][Service] heartBeat,connected count=2
info|2023-10-20 01:53:25.277739|[P2P][Service] heartBeat,connected count=2
info|2023-10-20 01:53:35.278299|[P2P][Service] heartBeat,connected count=2
info|2023-10-20 01:53:45.477585|[P2P][Service] heartBeat,connected count=2
